#
# There is insufficient memory for the Java Runtime Environment to continue.
# Native memory allocation (mmap) failed to map 122683392 bytes for G1 virtual space
# Possible reasons:
#   The system is out of physical RAM or swap space
#   The process is running with CompressedOops enabled, and the Java Heap may be blocking the growth of the native heap
# Possible solutions:
#   Reduce memory load on the system
#   Increase physical memory or swap space
#   Check if swap backing store is full
#   Decrease Java heap size (-Xmx/-Xms)
#   Decrease number of Java threads
#   Decrease Java thread stack sizes (-Xss)
#   Set larger code cache with -XX:ReservedCodeCacheSize=
#   JVM is running with Unscaled Compressed Oops mode in which the Java heap is
#     placed in the first 4GB address space. The Java Heap base address is the
#     maximum limit for the native heap growth. Please use -XX:HeapBaseMinAddress
#     to set the Java Heap base and to place the Java Heap above 4GB virtual address.
# This output file may be truncated or incomplete.
#
#  Out of Memory Error (os_windows.cpp:3825), pid=37224, tid=32540
#
# JRE version: OpenJDK Runtime Environment (17.0.10) (build 17.0.10+0--11609105)
# Java VM: OpenJDK 64-Bit Server VM (17.0.10+0--11609105, mixed mode, tiered, compressed oops, compressed class ptrs, g1 gc, windows-amd64)
# No core dump will be written. Minidumps are not enabled by default on client versions of Windows
#

---------------  S U M M A R Y ------------

Command Line: --add-opens=java.base/java.util=ALL-UNNAMED --add-opens=java.base/java.lang=ALL-UNNAMED --add-opens=java.base/java.lang.invoke=ALL-UNNAMED --add-opens=java.prefs/java.util.prefs=ALL-UNNAMED --add-opens=java.base/java.nio.charset=ALL-UNNAMED --add-opens=java.base/java.net=ALL-UNNAMED --add-opens=java.base/java.util.concurrent.atomic=ALL-UNNAMED -Xmx2048m -Dfile.encoding=UTF-8 -Duser.country=SV -Duser.language=es -Duser.variant -javaagent:C:\Users\angel\.gradle\wrapper\dists\gradle-8.7-bin\bhs2wmbdwecv87pi65oeuq5iu\gradle-8.7\lib\agents\gradle-instrumentation-agent-8.7.jar org.gradle.launcher.daemon.bootstrap.GradleDaemon 8.7

Host: 12th Gen Intel(R) Core(TM) i7-1250U, 12 cores, 7G,  Windows 11 , 64 bit Build 22621 (10.0.22621.3958)
Time: Wed Sep 25 23:35:54 2024 Hora estándar, América Central elapsed time: 14.987233 seconds (0d 0h 0m 14s)

---------------  T H R E A D  ---------------

Current thread (0x00000200131f2060):  VMThread "VM Thread" [stack: 0x00000057b0f00000,0x00000057b1000000] [id=32540]

Stack: [0x00000057b0f00000,0x00000057b1000000]
Native frames: (J=compiled Java code, j=interpreted, Vv=VM code, C=native code)
V  [jvm.dll+0x688de9]
V  [jvm.dll+0x8423da]
V  [jvm.dll+0x84401e]
V  [jvm.dll+0x844683]
V  [jvm.dll+0x24be0f]
V  [jvm.dll+0x685bb9]
V  [jvm.dll+0x67a46a]
V  [jvm.dll+0x30cbab]
V  [jvm.dll+0x314056]
V  [jvm.dll+0x363dce]
V  [jvm.dll+0x363fff]
V  [jvm.dll+0x2e2978]
V  [jvm.dll+0x2e0b54]
V  [jvm.dll+0x2e015c]
V  [jvm.dll+0x32502b]
V  [jvm.dll+0x848d7b]
V  [jvm.dll+0x849ac1]
V  [jvm.dll+0x849fdd]
V  [jvm.dll+0x84a3b4]
V  [jvm.dll+0x84a480]
V  [jvm.dll+0x7f0c7a]
V  [jvm.dll+0x687c65]
C  [ucrtbase.dll+0x29333]
C  [KERNEL32.DLL+0x1257d]
C  [ntdll.dll+0x5af28]

VM_Operation (0x00000057b26f30e0): G1CollectForAllocation, mode: safepoint, requested by thread 0x000002001a919650


---------------  P R O C E S S  ---------------

Threads class SMR info:
_java_thread_list=0x000002001b58d260, length=64, elements={
0x0000020079291760, 0x00000200131f3700, 0x00000200131f4580, 0x0000020013375290,
0x0000020013375e50, 0x0000020013378920, 0x00000200133792e0, 0x0000020013385590,
0x0000020013386040, 0x0000020013388a50, 0x000002001317d0e0, 0x00000200135e0840,
0x000002001a489620, 0x00000200188a39a0, 0x0000020019f15780, 0x0000020019b33250,
0x0000020019b33730, 0x000002001a91a070, 0x000002001a919650, 0x000002001a919140,
0x000002001a91a580, 0x000002001a917d00, 0x000002001a9172e0, 0x000002001a9177f0,
0x000002001a918210, 0x000002001a918c30, 0x00000200196d05c0, 0x00000200196ce760,
0x00000200196ce250, 0x00000200196d3350, 0x00000200196cfba0, 0x00000200196cf690,
0x00000200196d3860, 0x00000200196cec70, 0x00000200196d1a00, 0x00000200196d2930,
0x00000200196cd320, 0x00000200196cf180, 0x00000200196d00b0, 0x00000200196d0ad0,
0x00000200196d1f10, 0x00000200196d14f0, 0x00000200196d2420, 0x00000200196d2e40,
0x00000200196d4790, 0x00000200196cd830, 0x00000200196d4ca0, 0x00000200196d3d70,
0x00000200196cdd40, 0x000002001b4185a0, 0x000002001b412060, 0x000002001b416230,
0x000002001b416c50, 0x000002001b418090, 0x000002001b4199e0, 0x000002001b417160,
0x000002001b415810, 0x000002001b413ec0, 0x000002001b417670, 0x000002001b4194d0,
0x000002001b418fc0, 0x000002001b412570, 0x000002001b4143d0, 0x000002001b4139b0
}

Java Threads: ( => current thread )
  0x0000020079291760 JavaThread "main" [_thread_blocked, id=36724, stack(0x00000057b0900000,0x00000057b0a00000)]
  0x00000200131f3700 JavaThread "Reference Handler" daemon [_thread_blocked, id=34224, stack(0x00000057b1000000,0x00000057b1100000)]
  0x00000200131f4580 JavaThread "Finalizer" daemon [_thread_blocked, id=37176, stack(0x00000057b1100000,0x00000057b1200000)]
  0x0000020013375290 JavaThread "Signal Dispatcher" daemon [_thread_blocked, id=20388, stack(0x00000057b1200000,0x00000057b1300000)]
  0x0000020013375e50 JavaThread "Attach Listener" daemon [_thread_blocked, id=38952, stack(0x00000057b1300000,0x00000057b1400000)]
  0x0000020013378920 JavaThread "Service Thread" daemon [_thread_blocked, id=20828, stack(0x00000057b1400000,0x00000057b1500000)]
  0x00000200133792e0 JavaThread "Monitor Deflation Thread" daemon [_thread_blocked, id=36204, stack(0x00000057b1500000,0x00000057b1600000)]
  0x0000020013385590 JavaThread "C2 CompilerThread0" daemon [_thread_blocked, id=11832, stack(0x00000057b1600000,0x00000057b1700000)]
  0x0000020013386040 JavaThread "C1 CompilerThread0" daemon [_thread_blocked, id=1284, stack(0x00000057b1700000,0x00000057b1800000)]
  0x0000020013388a50 JavaThread "Sweeper thread" daemon [_thread_blocked, id=5440, stack(0x00000057b1800000,0x00000057b1900000)]
  0x000002001317d0e0 JavaThread "Common-Cleaner" daemon [_thread_blocked, id=38300, stack(0x00000057b1900000,0x00000057b1a00000)]
  0x00000200135e0840 JavaThread "Notification Thread" daemon [_thread_blocked, id=36392, stack(0x00000057b1a00000,0x00000057b1b00000)]
  0x000002001a489620 JavaThread "Daemon health stats" [_thread_blocked, id=32644, stack(0x00000057b2100000,0x00000057b2200000)]
  0x00000200188a39a0 JavaThread "Incoming local TCP Connector on port 63734" [_thread_in_native, id=28776, stack(0x00000057b2000000,0x00000057b2100000)]
  0x0000020019f15780 JavaThread "Daemon periodic checks" [_thread_blocked, id=27324, stack(0x00000057b2200000,0x00000057b2300000)]
  0x0000020019b33250 JavaThread "Daemon" [_thread_blocked, id=31004, stack(0x00000057b2300000,0x00000057b2400000)]
  0x0000020019b33730 JavaThread "Handler for socket connection from /127.0.0.1:63734 to /127.0.0.1:63735" [_thread_in_native, id=5268, stack(0x00000057b2400000,0x00000057b2500000)]
  0x000002001a91a070 JavaThread "Cancel handler" [_thread_blocked, id=15340, stack(0x00000057b2500000,0x00000057b2600000)]
  0x000002001a919650 JavaThread "Daemon worker" [_thread_blocked, id=2036, stack(0x00000057b2600000,0x00000057b2700000)]
  0x000002001a919140 JavaThread "Asynchronous log dispatcher for DefaultDaemonConnection: socket connection from /127.0.0.1:63734 to /127.0.0.1:63735" [_thread_blocked, id=29012, stack(0x00000057b2700000,0x00000057b2800000)]
  0x000002001a91a580 JavaThread "Stdin handler" [_thread_blocked, id=24356, stack(0x00000057b2800000,0x00000057b2900000)]
  0x000002001a917d00 JavaThread "Daemon client event forwarder" [_thread_blocked, id=29548, stack(0x00000057b2900000,0x00000057b2a00000)]
  0x000002001a9172e0 JavaThread "Cache worker for journal cache (C:\Users\angel\.gradle\caches\journal-1)" [_thread_blocked, id=36300, stack(0x00000057b2e00000,0x00000057b2f00000)]
  0x000002001a9177f0 JavaThread "File lock request listener" [_thread_in_native, id=27840, stack(0x00000057b2f00000,0x00000057b3000000)]
  0x000002001a918210 JavaThread "Cache worker for file hash cache (C:\Users\angel\.gradle\caches\8.7\fileHashes)" [_thread_blocked, id=160, stack(0x00000057b3000000,0x00000057b3100000)]
  0x000002001a918c30 JavaThread "Cache worker for file hash cache (C:\Users\angel\AndroidStudioProjects\toasts\.gradle\8.7\fileHashes)" [_thread_blocked, id=24116, stack(0x00000057b3100000,0x00000057b3200000)]
  0x00000200196d05c0 JavaThread "File watcher server" daemon [_thread_blocked, id=4396, stack(0x00000057b3200000,0x00000057b3300000)]
  0x00000200196ce760 JavaThread "File watcher consumer" daemon [_thread_blocked, id=5384, stack(0x00000057b3300000,0x00000057b3400000)]
  0x00000200196ce250 JavaThread "jar transforms" [_thread_blocked, id=3268, stack(0x00000057b3400000,0x00000057b3500000)]
  0x00000200196d3350 JavaThread "jar transforms Thread 2" [_thread_blocked, id=17672, stack(0x00000057b3500000,0x00000057b3600000)]
  0x00000200196cfba0 JavaThread "jar transforms Thread 3" [_thread_blocked, id=18084, stack(0x00000057b3600000,0x00000057b3700000)]
  0x00000200196cf690 JavaThread "jar transforms Thread 4" [_thread_blocked, id=26160, stack(0x00000057b3700000,0x00000057b3800000)]
  0x00000200196d3860 JavaThread "jar transforms Thread 5" [_thread_blocked, id=15612, stack(0x00000057b3800000,0x00000057b3900000)]
  0x00000200196cec70 JavaThread "jar transforms Thread 6" [_thread_blocked, id=18908, stack(0x00000057b3900000,0x00000057b3a00000)]
  0x00000200196d1a00 JavaThread "jar transforms Thread 7" [_thread_blocked, id=28252, stack(0x00000057b3a00000,0x00000057b3b00000)]
  0x00000200196d2930 JavaThread "jar transforms Thread 8" [_thread_blocked, id=27432, stack(0x00000057b3b00000,0x00000057b3c00000)]
  0x00000200196cd320 JavaThread "Cache worker for checksums cache (C:\Users\angel\AndroidStudioProjects\toasts\.gradle\8.7\checksums)" [_thread_blocked, id=17440, stack(0x00000057b3c00000,0x00000057b3d00000)]
  0x00000200196cf180 JavaThread "Cache worker for cache directory md-supplier (C:\Users\angel\.gradle\caches\8.7\md-supplier)" [_thread_blocked, id=20896, stack(0x00000057b3d00000,0x00000057b3e00000)]
  0x00000200196d00b0 JavaThread "Cache worker for cache directory md-rule (C:\Users\angel\.gradle\caches\8.7\md-rule)" [_thread_blocked, id=7916, stack(0x00000057b3e00000,0x00000057b3f00000)]
  0x00000200196d0ad0 JavaThread "Cache worker for file content cache (C:\Users\angel\.gradle\caches\8.7\fileContent)" [_thread_blocked, id=27972, stack(0x00000057b3f00000,0x00000057b4000000)]
  0x00000200196d1f10 JavaThread "Unconstrained build operations" [_thread_blocked, id=20136, stack(0x00000057b4000000,0x00000057b4100000)]
  0x00000200196d14f0 JavaThread "Unconstrained build operations Thread 2" [_thread_blocked, id=20292, stack(0x00000057b4100000,0x00000057b4200000)]
  0x00000200196d2420 JavaThread "Unconstrained build operations Thread 3" [_thread_blocked, id=32936, stack(0x00000057b4200000,0x00000057b4300000)]
  0x00000200196d2e40 JavaThread "Unconstrained build operations Thread 4" [_thread_blocked, id=30904, stack(0x00000057b4300000,0x00000057b4400000)]
  0x00000200196d4790 JavaThread "Unconstrained build operations Thread 5" [_thread_blocked, id=36304, stack(0x00000057b4400000,0x00000057b4500000)]
  0x00000200196cd830 JavaThread "Unconstrained build operations Thread 6" [_thread_blocked, id=27456, stack(0x00000057b4500000,0x00000057b4600000)]
  0x00000200196d4ca0 JavaThread "Unconstrained build operations Thread 7" [_thread_blocked, id=28464, stack(0x00000057b4600000,0x00000057b4700000)]
  0x00000200196d3d70 JavaThread "Unconstrained build operations Thread 8" [_thread_blocked, id=39608, stack(0x00000057b4700000,0x00000057b4800000)]
  0x00000200196cdd40 JavaThread "Unconstrained build operations Thread 9" [_thread_blocked, id=12708, stack(0x00000057b4800000,0x00000057b4900000)]
  0x000002001b4185a0 JavaThread "Cache worker for Build Output Cleanup Cache (C:\Users\angel\AndroidStudioProjects\toasts\.gradle\buildOutputCleanup)" [_thread_blocked, id=36644, stack(0x00000057b4900000,0x00000057b4a00000)]
  0x000002001b412060 JavaThread "Unconstrained build operations Thread 10" [_thread_blocked, id=19960, stack(0x00000057b4a00000,0x00000057b4b00000)]
  0x000002001b416230 JavaThread "Unconstrained build operations Thread 11" [_thread_blocked, id=23004, stack(0x00000057b4b00000,0x00000057b4c00000)]
  0x000002001b416c50 JavaThread "Unconstrained build operations Thread 12" [_thread_blocked, id=3808, stack(0x00000057b4c00000,0x00000057b4d00000)]
  0x000002001b418090 JavaThread "Unconstrained build operations Thread 13" [_thread_blocked, id=14308, stack(0x00000057b4d00000,0x00000057b4e00000)]
  0x000002001b4199e0 JavaThread "Unconstrained build operations Thread 14" [_thread_blocked, id=804, stack(0x00000057b4e00000,0x00000057b4f00000)]
  0x000002001b417160 JavaThread "Unconstrained build operations Thread 15" [_thread_blocked, id=35084, stack(0x00000057b4f00000,0x00000057b5000000)]
  0x000002001b415810 JavaThread "Unconstrained build operations Thread 16" [_thread_blocked, id=24756, stack(0x00000057b5000000,0x00000057b5100000)]
  0x000002001b413ec0 JavaThread "Unconstrained build operations Thread 17" [_thread_blocked, id=12736, stack(0x00000057b5100000,0x00000057b5200000)]
  0x000002001b417670 JavaThread "Unconstrained build operations Thread 18" [_thread_blocked, id=14564, stack(0x00000057b5200000,0x00000057b5300000)]
  0x000002001b4194d0 JavaThread "Unconstrained build operations Thread 19" [_thread_blocked, id=38340, stack(0x00000057b5300000,0x00000057b5400000)]
  0x000002001b418fc0 JavaThread "Unconstrained build operations Thread 20" [_thread_blocked, id=12256, stack(0x00000057b5400000,0x00000057b5500000)]
  0x000002001b412570 JavaThread "Unconstrained build operations Thread 21" [_thread_blocked, id=29516, stack(0x00000057b5500000,0x00000057b5600000)]
  0x000002001b4143d0 JavaThread "Unconstrained build operations Thread 22" [_thread_blocked, id=29216, stack(0x00000057b5600000,0x00000057b5700000)]
  0x000002001b4139b0 JavaThread "Unconstrained build operations Thread 23" [_thread_blocked, id=21552, stack(0x00000057b5700000,0x00000057b5800000)]

Other Threads:
=>0x00000200131f2060 VMThread "VM Thread" [stack: 0x00000057b0f00000,0x00000057b1000000] [id=32540]
  0x00000200792925e0 WatcherThread [stack: 0x00000057b1b00000,0x00000057b1c00000] [id=26484]
  0x00000200770be8c0 GCTaskThread "GC Thread#0" [stack: 0x00000057b0a00000,0x00000057b0b00000] [id=468]
  0x000002001829c680 GCTaskThread "GC Thread#1" [stack: 0x00000057b1c00000,0x00000057b1d00000] [id=24556]
  0x0000020018caeb60 GCTaskThread "GC Thread#2" [stack: 0x00000057b1d00000,0x00000057b1e00000] [id=29296]
  0x000002001831edd0 GCTaskThread "GC Thread#3" [stack: 0x00000057b1e00000,0x00000057b1f00000] [id=15792]
  0x00000200188a5d70 GCTaskThread "GC Thread#4" [stack: 0x00000057b1f00000,0x00000057b2000000] [id=9812]
  0x0000020019499a10 GCTaskThread "GC Thread#5" [stack: 0x00000057b2a00000,0x00000057b2b00000] [id=4928]
  0x0000020019499490 GCTaskThread "GC Thread#6" [stack: 0x00000057b2b00000,0x00000057b2c00000] [id=9840]
  0x000002001949aa90 GCTaskThread "GC Thread#7" [stack: 0x00000057b2c00000,0x00000057b2d00000] [id=2460]
  0x00000200792fb0d0 ConcurrentGCThread "G1 Main Marker" [stack: 0x00000057b0b00000,0x00000057b0c00000] [id=36860]
  0x00000200792fba00 ConcurrentGCThread "G1 Conc#0" [stack: 0x00000057b0c00000,0x00000057b0d00000] [id=14244]
  0x0000020019499cd0 ConcurrentGCThread "G1 Conc#1" [stack: 0x00000057b2d00000,0x00000057b2e00000] [id=36040]
  0x000002007933e470 ConcurrentGCThread "G1 Refine#0" [stack: 0x00000057b0d00000,0x00000057b0e00000] [id=32680]
  0x00000200130464f0 ConcurrentGCThread "G1 Service" [stack: 0x00000057b0e00000,0x00000057b0f00000] [id=36740]

Threads with active compile tasks:

VM state: at safepoint (normal execution)

VM Mutex/Monitor currently owned by a thread:  ([mutex/lock_event])
[0x0000020076ff8d70] Threads_lock - owner thread: 0x00000200131f2060
[0x000002007928d250] Heap_lock - owner thread: 0x000002001a919650

Heap address: 0x0000000080000000, size: 2048 MB, Compressed Oops mode: 32-bit

CDS archive(s) not mapped
Compressed class space mapped at: 0x0000000100000000-0x0000000140000000, reserved size: 1073741824
Narrow klass base: 0x0000000000000000, Narrow klass shift: 3, Narrow klass range: 0x140000000

GC Precious Log:
 CPUs: 12 total, 8 available
 Memory: 7885M
 Large Page Support: Disabled
 NUMA Support: Disabled
 Compressed Oops: Enabled (32-bit)
 Heap Region Size: 1M
 Heap Min Capacity: 8M
 Heap Initial Capacity: 124M
 Heap Max Capacity: 2G
 Pre-touch: Disabled
 Parallel Workers: 8
 Concurrent Workers: 2
 Concurrent Refinement Workers: 8
 Periodic GC: Disabled

Heap:
 garbage-first heap   total 134144K, used 101952K [0x0000000080000000, 0x0000000100000000)
  region size 1024K, 4 young (4096K), 4 survivors (4096K)
 Metaspace       used 62944K, committed 63552K, reserved 1114112K
  class space    used 8613K, committed 8896K, reserved 1048576K

Heap Regions: E=young(eden), S=young(survivor), O=old, HS=humongous(starts), HC=humongous(continues), CS=collection set, F=free, OA=open archive, CA=closed archive, TAMS=top-at-mark-start (previous, next)
|   0|0x0000000080000000, 0x0000000080100000, 0x0000000080100000|100%|HS|  |TAMS 0x0000000080100000, 0x0000000080000000| Complete 
|   1|0x0000000080100000, 0x0000000080200000, 0x0000000080200000|100%|HC|  |TAMS 0x0000000080200000, 0x0000000080100000| Complete 
|   2|0x0000000080200000, 0x0000000080300000, 0x0000000080300000|100%|HC|  |TAMS 0x0000000080300000, 0x0000000080200000| Complete 
|   3|0x0000000080300000, 0x0000000080400000, 0x0000000080400000|100%|HC|  |TAMS 0x0000000080400000, 0x0000000080300000| Complete 
|   4|0x0000000080400000, 0x0000000080500000, 0x0000000080500000|100%| O|  |TAMS 0x0000000080500000, 0x0000000080400000| Untracked 
|   5|0x0000000080500000, 0x0000000080600000, 0x0000000080600000|100%| O|  |TAMS 0x0000000080600000, 0x0000000080500000| Untracked 
|   6|0x0000000080600000, 0x0000000080700000, 0x0000000080700000|100%| O|  |TAMS 0x0000000080700000, 0x0000000080600000| Untracked 
|   7|0x0000000080700000, 0x0000000080800000, 0x0000000080800000|100%| O|  |TAMS 0x0000000080800000, 0x0000000080700000| Untracked 
|   8|0x0000000080800000, 0x0000000080900000, 0x0000000080900000|100%| O|  |TAMS 0x0000000080900000, 0x0000000080800000| Untracked 
|   9|0x0000000080900000, 0x0000000080a00000, 0x0000000080a00000|100%| O|  |TAMS 0x0000000080a00000, 0x0000000080900000| Untracked 
|  10|0x0000000080a00000, 0x0000000080b00000, 0x0000000080b00000|100%| O|  |TAMS 0x0000000080b00000, 0x0000000080a00000| Untracked 
|  11|0x0000000080b00000, 0x0000000080c00000, 0x0000000080c00000|100%| O|  |TAMS 0x0000000080c00000, 0x0000000080b00000| Untracked 
|  12|0x0000000080c00000, 0x0000000080d00000, 0x0000000080d00000|100%| O|  |TAMS 0x0000000080d00000, 0x0000000080c00000| Untracked 
|  13|0x0000000080d00000, 0x0000000080e00000, 0x0000000080e00000|100%| O|  |TAMS 0x0000000080e00000, 0x0000000080d00000| Untracked 
|  14|0x0000000080e00000, 0x0000000080f00000, 0x0000000080f00000|100%| O|  |TAMS 0x0000000080e00000, 0x0000000080e00000| Untracked 
|  15|0x0000000080f00000, 0x0000000081000000, 0x0000000081000000|100%| O|  |TAMS 0x0000000081000000, 0x0000000080f00000| Untracked 
|  16|0x0000000081000000, 0x0000000081100000, 0x0000000081100000|100%| O|  |TAMS 0x0000000081100000, 0x0000000081000000| Untracked 
|  17|0x0000000081100000, 0x0000000081200000, 0x0000000081200000|100%| O|  |TAMS 0x0000000081200000, 0x0000000081100000| Untracked 
|  18|0x0000000081200000, 0x0000000081300000, 0x0000000081300000|100%| O|  |TAMS 0x0000000081300000, 0x0000000081200000| Untracked 
|  19|0x0000000081300000, 0x0000000081400000, 0x0000000081400000|100%| O|  |TAMS 0x0000000081400000, 0x0000000081300000| Untracked 
|  20|0x0000000081400000, 0x0000000081500000, 0x0000000081500000|100%|HS|  |TAMS 0x0000000081500000, 0x0000000081400000| Complete 
|  21|0x0000000081500000, 0x0000000081600000, 0x0000000081600000|100%|HC|  |TAMS 0x0000000081600000, 0x0000000081500000| Complete 
|  22|0x0000000081600000, 0x0000000081700000, 0x0000000081700000|100%|HC|  |TAMS 0x0000000081700000, 0x0000000081600000| Complete 
|  23|0x0000000081700000, 0x0000000081800000, 0x0000000081800000|100%|HC|  |TAMS 0x0000000081800000, 0x0000000081700000| Complete 
|  24|0x0000000081800000, 0x0000000081900000, 0x0000000081900000|100%|HC|  |TAMS 0x0000000081900000, 0x0000000081800000| Complete 
|  25|0x0000000081900000, 0x0000000081a00000, 0x0000000081a00000|100%|HS|  |TAMS 0x0000000081a00000, 0x0000000081900000| Complete 
|  26|0x0000000081a00000, 0x0000000081b00000, 0x0000000081b00000|100%|HC|  |TAMS 0x0000000081b00000, 0x0000000081a00000| Complete 
|  27|0x0000000081b00000, 0x0000000081c00000, 0x0000000081c00000|100%|HC|  |TAMS 0x0000000081c00000, 0x0000000081b00000| Complete 
|  28|0x0000000081c00000, 0x0000000081d00000, 0x0000000081d00000|100%|HS|  |TAMS 0x0000000081d00000, 0x0000000081c00000| Complete 
|  29|0x0000000081d00000, 0x0000000081e00000, 0x0000000081e00000|100%|HC|  |TAMS 0x0000000081e00000, 0x0000000081d00000| Complete 
|  30|0x0000000081e00000, 0x0000000081f00000, 0x0000000081f00000|100%|HC|  |TAMS 0x0000000081f00000, 0x0000000081e00000| Complete 
|  31|0x0000000081f00000, 0x0000000082000000, 0x0000000082000000|100%| O|  |TAMS 0x0000000082000000, 0x0000000081f00000| Untracked 
|  32|0x0000000082000000, 0x0000000082100000, 0x0000000082100000|100%| O|  |TAMS 0x0000000082100000, 0x0000000082000000| Untracked 
|  33|0x0000000082100000, 0x0000000082200000, 0x0000000082200000|100%| O|  |TAMS 0x0000000082200000, 0x0000000082100000| Untracked 
|  34|0x0000000082200000, 0x0000000082300000, 0x0000000082300000|100%|HS|  |TAMS 0x0000000082300000, 0x0000000082200000| Complete 
|  35|0x0000000082300000, 0x0000000082400000, 0x0000000082400000|100%| O|  |TAMS 0x0000000082400000, 0x0000000082300000| Untracked 
|  36|0x0000000082400000, 0x0000000082500000, 0x0000000082500000|100%| O|  |TAMS 0x0000000082500000, 0x0000000082400000| Untracked 
|  37|0x0000000082500000, 0x0000000082600000, 0x0000000082600000|100%| O|  |TAMS 0x0000000082600000, 0x0000000082500000| Untracked 
|  38|0x0000000082600000, 0x0000000082700000, 0x0000000082700000|100%| O|  |TAMS 0x0000000082700000, 0x0000000082600000| Untracked 
|  39|0x0000000082700000, 0x0000000082800000, 0x0000000082800000|100%| O|  |TAMS 0x0000000082800000, 0x0000000082700000| Untracked 
|  40|0x0000000082800000, 0x0000000082900000, 0x0000000082900000|100%| O|  |TAMS 0x0000000082900000, 0x0000000082800000| Untracked 
|  41|0x0000000082900000, 0x0000000082a00000, 0x0000000082a00000|100%| O|  |TAMS 0x0000000082a00000, 0x0000000082900000| Untracked 
|  42|0x0000000082a00000, 0x0000000082b00000, 0x0000000082b00000|100%| O|  |TAMS 0x0000000082b00000, 0x0000000082a00000| Untracked 
|  43|0x0000000082b00000, 0x0000000082c00000, 0x0000000082c00000|100%| O|  |TAMS 0x0000000082c00000, 0x0000000082b00000| Untracked 
|  44|0x0000000082c00000, 0x0000000082d00000, 0x0000000082d00000|100%| O|  |TAMS 0x0000000082d00000, 0x0000000082c00000| Untracked 
|  45|0x0000000082d00000, 0x0000000082e00000, 0x0000000082e00000|100%| O|  |TAMS 0x0000000082e00000, 0x0000000082d00000| Untracked 
|  46|0x0000000082e00000, 0x0000000082f00000, 0x0000000082f00000|100%| O|  |TAMS 0x0000000082f00000, 0x0000000082e00000| Untracked 
|  47|0x0000000082f00000, 0x0000000083000000, 0x0000000083000000|100%| O|  |TAMS 0x0000000083000000, 0x0000000082f00000| Untracked 
|  48|0x0000000083000000, 0x0000000083100000, 0x0000000083100000|100%| O|  |TAMS 0x0000000083100000, 0x0000000083000000| Untracked 
|  49|0x0000000083100000, 0x0000000083200000, 0x0000000083200000|100%| O|  |TAMS 0x0000000083200000, 0x0000000083100000| Untracked 
|  50|0x0000000083200000, 0x0000000083300000, 0x0000000083300000|100%|HS|  |TAMS 0x0000000083300000, 0x0000000083200000| Complete 
|  51|0x0000000083300000, 0x0000000083400000, 0x0000000083400000|100%|HC|  |TAMS 0x0000000083400000, 0x0000000083300000| Complete 
|  52|0x0000000083400000, 0x0000000083500000, 0x0000000083500000|100%|HC|  |TAMS 0x0000000083500000, 0x0000000083400000| Complete 
|  53|0x0000000083500000, 0x0000000083600000, 0x0000000083600000|100%|HS|  |TAMS 0x0000000083600000, 0x0000000083500000| Complete 
|  54|0x0000000083600000, 0x0000000083700000, 0x0000000083700000|100%|HC|  |TAMS 0x0000000083700000, 0x0000000083600000| Complete 
|  55|0x0000000083700000, 0x0000000083800000, 0x0000000083800000|100%|HC|  |TAMS 0x0000000083800000, 0x0000000083700000| Complete 
|  56|0x0000000083800000, 0x0000000083900000, 0x0000000083900000|100%|HC|  |TAMS 0x0000000083900000, 0x0000000083800000| Complete 
|  57|0x0000000083900000, 0x0000000083a00000, 0x0000000083a00000|100%|HC|  |TAMS 0x0000000083a00000, 0x0000000083900000| Complete 
|  58|0x0000000083a00000, 0x0000000083b00000, 0x0000000083b00000|100%|HS|  |TAMS 0x0000000083b00000, 0x0000000083a00000| Complete 
|  59|0x0000000083b00000, 0x0000000083c00000, 0x0000000083c00000|100%|HC|  |TAMS 0x0000000083c00000, 0x0000000083b00000| Complete 
|  60|0x0000000083c00000, 0x0000000083d00000, 0x0000000083d00000|100%|HC|  |TAMS 0x0000000083d00000, 0x0000000083c00000| Complete 
|  61|0x0000000083d00000, 0x0000000083e00000, 0x0000000083e00000|100%|HC|  |TAMS 0x0000000083e00000, 0x0000000083d00000| Complete 
|  62|0x0000000083e00000, 0x0000000083f00000, 0x0000000083f00000|100%|HC|  |TAMS 0x0000000083f00000, 0x0000000083e00000| Complete 
|  63|0x0000000083f00000, 0x0000000084000000, 0x0000000084000000|100%| O|  |TAMS 0x0000000084000000, 0x0000000083f00000| Untracked 
|  64|0x0000000084000000, 0x0000000084100000, 0x0000000084100000|100%| O|  |TAMS 0x0000000084100000, 0x0000000084000000| Untracked 
|  65|0x0000000084100000, 0x0000000084200000, 0x0000000084200000|100%| O|  |TAMS 0x0000000084200000, 0x0000000084100000| Untracked 
|  66|0x0000000084200000, 0x0000000084300000, 0x0000000084300000|100%|HS|  |TAMS 0x0000000084200000, 0x0000000084200000| Complete 
|  67|0x0000000084300000, 0x0000000084400000, 0x0000000084400000|100%| O|  |TAMS 0x0000000084400000, 0x0000000084300000| Untracked 
|  68|0x0000000084400000, 0x0000000084500000, 0x0000000084500000|100%| O|  |TAMS 0x0000000084500000, 0x0000000084400000| Untracked 
|  69|0x0000000084500000, 0x0000000084600000, 0x0000000084600000|100%| O|  |TAMS 0x0000000084600000, 0x0000000084500000| Untracked 
|  70|0x0000000084600000, 0x0000000084700000, 0x0000000084700000|100%| O|  |TAMS 0x0000000084700000, 0x0000000084600000| Untracked 
|  71|0x0000000084700000, 0x0000000084800000, 0x0000000084800000|100%| O|  |TAMS 0x0000000084800000, 0x0000000084700000| Untracked 
|  72|0x0000000084800000, 0x0000000084900000, 0x0000000084900000|100%| O|  |TAMS 0x00000000848cb400, 0x0000000084800000| Untracked 
|  73|0x0000000084900000, 0x0000000084a00000, 0x0000000084a00000|100%| O|  |TAMS 0x0000000084900000, 0x0000000084900000| Untracked 
|  74|0x0000000084a00000, 0x0000000084b00000, 0x0000000084b00000|100%| O|  |TAMS 0x0000000084a00000, 0x0000000084a00000| Untracked 
|  75|0x0000000084b00000, 0x0000000084c00000, 0x0000000084c00000|100%| O|  |TAMS 0x0000000084b00000, 0x0000000084b00000| Untracked 
|  76|0x0000000084c00000, 0x0000000084d00000, 0x0000000084d00000|100%| O|  |TAMS 0x0000000084c00000, 0x0000000084c00000| Untracked 
|  77|0x0000000084d00000, 0x0000000084e00000, 0x0000000084e00000|100%| O|  |TAMS 0x0000000084d00000, 0x0000000084d00000| Untracked 
|  78|0x0000000084e00000, 0x0000000084f00000, 0x0000000084f00000|100%| O|  |TAMS 0x0000000084e00000, 0x0000000084e00000| Untracked 
|  79|0x0000000084f00000, 0x0000000085000000, 0x0000000085000000|100%|HS|  |TAMS 0x0000000084f00000, 0x0000000084f00000| Complete 
|  80|0x0000000085000000, 0x0000000085100000, 0x0000000085100000|100%|HS|  |TAMS 0x0000000085000000, 0x0000000085000000| Complete 
|  81|0x0000000085100000, 0x0000000085200000, 0x0000000085200000|100%|HC|  |TAMS 0x0000000085100000, 0x0000000085100000| Complete 
|  82|0x0000000085200000, 0x0000000085300000, 0x0000000085300000|100%|HS|  |TAMS 0x0000000085200000, 0x0000000085200000| Complete 
|  83|0x0000000085300000, 0x0000000085400000, 0x0000000085400000|100%|HC|  |TAMS 0x0000000085300000, 0x0000000085300000| Complete 
|  84|0x0000000085400000, 0x0000000085500000, 0x0000000085500000|100%|HS|  |TAMS 0x0000000085400000, 0x0000000085400000| Complete 
|  85|0x0000000085500000, 0x0000000085600000, 0x0000000085600000|100%|HS|  |TAMS 0x0000000085500000, 0x0000000085500000| Complete 
|  86|0x0000000085600000, 0x0000000085700000, 0x0000000085700000|100%|HS|  |TAMS 0x0000000085600000, 0x0000000085600000| Complete 
|  87|0x0000000085700000, 0x0000000085800000, 0x0000000085800000|100%|HC|  |TAMS 0x0000000085700000, 0x0000000085700000| Complete 
|  88|0x0000000085800000, 0x0000000085900000, 0x0000000085900000|100%|HC|  |TAMS 0x0000000085800000, 0x0000000085800000| Complete 
|  89|0x0000000085900000, 0x0000000085a00000, 0x0000000085a00000|100%|HC|  |TAMS 0x0000000085900000, 0x0000000085900000| Complete 
|  90|0x0000000085a00000, 0x0000000085b00000, 0x0000000085b00000|100%|HS|  |TAMS 0x0000000085a00000, 0x0000000085a00000| Complete 
|  91|0x0000000085b00000, 0x0000000085b00000, 0x0000000085c00000|  0%| F|  |TAMS 0x0000000085b00000, 0x0000000085b00000| Untracked 
|  92|0x0000000085c00000, 0x0000000085d00000, 0x0000000085d00000|100%| O|  |TAMS 0x0000000085c00000, 0x0000000085c00000| Untracked 
|  93|0x0000000085d00000, 0x0000000085e00000, 0x0000000085e00000|100%| O|  |TAMS 0x0000000085d00000, 0x0000000085d00000| Untracked 
|  94|0x0000000085e00000, 0x0000000085f00000, 0x0000000085f00000|100%| O|  |TAMS 0x0000000085e00000, 0x0000000085e00000| Untracked 
|  95|0x0000000085f00000, 0x0000000086000000, 0x0000000086000000|100%| O|  |TAMS 0x0000000085f00000, 0x0000000085f00000| Untracked 
|  96|0x0000000086000000, 0x0000000086100000, 0x0000000086100000|100%| S|CS|TAMS 0x0000000086000000, 0x0000000086000000| Complete 
|  97|0x0000000086100000, 0x0000000086200000, 0x0000000086200000|100%| S|CS|TAMS 0x0000000086100000, 0x0000000086100000| Complete 
|  98|0x0000000086200000, 0x0000000086300000, 0x0000000086300000|100%| S|CS|TAMS 0x0000000086200000, 0x0000000086200000| Complete 
|  99|0x0000000086300000, 0x0000000086400000, 0x0000000086400000|100%| S|CS|TAMS 0x0000000086300000, 0x0000000086300000| Complete 
| 100|0x0000000086400000, 0x0000000086400000, 0x0000000086500000|  0%| F|  |TAMS 0x0000000086400000, 0x0000000086400000| Untracked 
| 101|0x0000000086500000, 0x0000000086500000, 0x0000000086600000|  0%| F|  |TAMS 0x0000000086500000, 0x0000000086500000| Untracked 
| 102|0x0000000086600000, 0x0000000086600000, 0x0000000086700000|  0%| F|  |TAMS 0x0000000086600000, 0x0000000086600000| Untracked 
| 103|0x0000000086700000, 0x0000000086700000, 0x0000000086800000|  0%| F|  |TAMS 0x0000000086700000, 0x0000000086700000| Untracked 
| 104|0x0000000086800000, 0x0000000086800000, 0x0000000086900000|  0%| F|  |TAMS 0x0000000086800000, 0x0000000086800000| Untracked 
| 105|0x0000000086900000, 0x0000000086900000, 0x0000000086a00000|  0%| F|  |TAMS 0x0000000086900000, 0x0000000086900000| Untracked 
| 106|0x0000000086a00000, 0x0000000086a00000, 0x0000000086b00000|  0%| F|  |TAMS 0x0000000086a00000, 0x0000000086a00000| Untracked 
| 107|0x0000000086b00000, 0x0000000086b00000, 0x0000000086c00000|  0%| F|  |TAMS 0x0000000086b00000, 0x0000000086b00000| Untracked 
| 108|0x0000000086c00000, 0x0000000086c00000, 0x0000000086d00000|  0%| F|  |TAMS 0x0000000086c00000, 0x0000000086c00000| Untracked 
| 109|0x0000000086d00000, 0x0000000086d00000, 0x0000000086e00000|  0%| F|  |TAMS 0x0000000086d00000, 0x0000000086d00000| Untracked 
| 110|0x0000000086e00000, 0x0000000086e00000, 0x0000000086f00000|  0%| F|  |TAMS 0x0000000086e00000, 0x0000000086e00000| Untracked 
| 111|0x0000000086f00000, 0x0000000086f00000, 0x0000000087000000|  0%| F|  |TAMS 0x0000000086f00000, 0x0000000086f00000| Untracked 
| 112|0x0000000087000000, 0x0000000087000000, 0x0000000087100000|  0%| F|  |TAMS 0x0000000087000000, 0x0000000087000000| Untracked 
| 113|0x0000000087100000, 0x0000000087100000, 0x0000000087200000|  0%| F|  |TAMS 0x0000000087100000, 0x0000000087100000| Untracked 
| 114|0x0000000087200000, 0x0000000087200000, 0x0000000087300000|  0%| F|  |TAMS 0x0000000087200000, 0x0000000087200000| Untracked 
| 115|0x0000000087300000, 0x0000000087300000, 0x0000000087400000|  0%| F|  |TAMS 0x0000000087300000, 0x0000000087300000| Untracked 
| 116|0x0000000087400000, 0x0000000087400000, 0x0000000087500000|  0%| F|  |TAMS 0x0000000087400000, 0x0000000087400000| Untracked 
| 117|0x0000000087500000, 0x0000000087500000, 0x0000000087600000|  0%| F|  |TAMS 0x0000000087500000, 0x0000000087500000| Untracked 
| 118|0x0000000087600000, 0x0000000087600000, 0x0000000087700000|  0%| F|  |TAMS 0x0000000087600000, 0x0000000087600000| Untracked 
| 119|0x0000000087700000, 0x0000000087700000, 0x0000000087800000|  0%| F|  |TAMS 0x0000000087700000, 0x0000000087700000| Untracked 
| 120|0x0000000087800000, 0x0000000087800000, 0x0000000087900000|  0%| F|  |TAMS 0x0000000087800000, 0x0000000087800000| Untracked 
| 121|0x0000000087900000, 0x0000000087900000, 0x0000000087a00000|  0%| F|  |TAMS 0x0000000087900000, 0x0000000087900000| Untracked 
| 122|0x0000000087a00000, 0x0000000087a00000, 0x0000000087b00000|  0%| F|  |TAMS 0x0000000087a00000, 0x0000000087a00000| Untracked 
| 123|0x0000000087b00000, 0x0000000087b00000, 0x0000000087c00000|  0%| F|  |TAMS 0x0000000087b00000, 0x0000000087b00000| Untracked 
| 124|0x0000000087c00000, 0x0000000087c00000, 0x0000000087d00000|  0%| F|  |TAMS 0x0000000087c00000, 0x0000000087c00000| Untracked 
| 125|0x0000000087d00000, 0x0000000087d00000, 0x0000000087e00000|  0%| F|  |TAMS 0x0000000087d00000, 0x0000000087d00000| Untracked 
| 126|0x0000000087e00000, 0x0000000087e00000, 0x0000000087f00000|  0%| F|  |TAMS 0x0000000087e00000, 0x0000000087e00000| Untracked 
| 127|0x0000000087f00000, 0x0000000087f00000, 0x0000000088000000|  0%| F|  |TAMS 0x0000000087f00000, 0x0000000087f00000| Untracked 
| 128|0x0000000088000000, 0x0000000088000000, 0x0000000088100000|  0%| F|  |TAMS 0x0000000088000000, 0x0000000088000000| Untracked 
| 129|0x0000000088100000, 0x0000000088100000, 0x0000000088200000|  0%| F|  |TAMS 0x0000000088100000, 0x0000000088100000| Untracked 
|2047|0x00000000fff00000, 0x00000000fff90200, 0x0000000100000000| 56%| O|  |TAMS 0x00000000fff00000, 0x00000000fff00000| Untracked 

Card table byte_map: [0x000002007ce90000,0x000002007d290000] _byte_map_base: 0x000002007ca90000

Marking Bits (Prev, Next): (CMBitMap*) 0x00000200792ea000, (CMBitMap*) 0x00000200792ea040
 Prev Bits: [0x000002007d690000, 0x000002007f690000)
 Next Bits: [0x000002000f000000, 0x0000020011000000)

Polling page: 0x00000200771d0000

Metaspace:

Usage:
  Non-class:     53.06 MB used.
      Class:      8.41 MB used.
       Both:     61.47 MB used.

Virtual space:
  Non-class space:       64.00 MB reserved,      53.38 MB ( 83%) committed,  1 nodes.
      Class space:        1.00 GB reserved,       8.69 MB ( <1%) committed,  1 nodes.
             Both:        1.06 GB reserved,      62.06 MB (  6%) committed. 

Chunk freelists:
   Non-Class:  9.77 MB
       Class:  7.31 MB
        Both:  17.08 MB

MaxMetaspaceSize: unlimited
CompressedClassSpaceSize: 1.00 GB
Initial GC threshold: 21.00 MB
Current GC threshold: 101.81 MB
CDS: off
MetaspaceReclaimPolicy: balanced
 - commit_granule_bytes: 65536.
 - commit_granule_words: 8192.
 - virtual_space_node_default_size: 8388608.
 - enlarge_chunks_in_place: 1.
 - new_chunks_are_fully_committed: 0.
 - uncommit_free_chunks: 1.
 - use_allocation_guard: 0.
 - handle_deallocations: 1.


Internal statistics:

num_allocs_failed_limit: 3.
num_arena_births: 776.
num_arena_deaths: 0.
num_vsnodes_births: 2.
num_vsnodes_deaths: 0.
num_space_committed: 993.
num_space_uncommitted: 0.
num_chunks_returned_to_freelist: 3.
num_chunks_taken_from_freelist: 3035.
num_chunk_merges: 3.
num_chunk_splits: 1945.
num_chunks_enlarged: 1273.
num_inconsistent_stats: 0.

CodeHeap 'non-profiled nmethods': size=120000Kb used=2549Kb max_used=3365Kb free=117451Kb
 bounds [0x0000020007ad0000, 0x0000020007e20000, 0x000002000f000000]
CodeHeap 'profiled nmethods': size=120000Kb used=11628Kb max_used=13714Kb free=108371Kb
 bounds [0x0000020000000000, 0x0000020000d70000, 0x0000020007530000]
CodeHeap 'non-nmethods': size=5760Kb used=2331Kb max_used=2376Kb free=3428Kb
 bounds [0x0000020007530000, 0x00000200077a0000, 0x0000020007ad0000]
 total_blobs=7297 nmethods=6445 adapters=764
 compilation: enabled
              stopped_count=0, restarted_count=0
 full_count=0

Compilation events (20 events):
Event: 14.793 Thread 0x0000020013386040 nmethod 7405 0x0000020000109790 code [0x0000020000109980, 0x0000020000109e48]
Event: 14.793 Thread 0x0000020013386040 7406       3       sun.reflect.generics.visitor.Reifier::visitWildcard (22 bytes)
Event: 14.794 Thread 0x0000020013386040 nmethod 7406 0x0000020000022b10 code [0x0000020000022ce0, 0x0000020000023108]
Event: 14.800 Thread 0x0000020013386040 7408       3       com.google.common.collect.Lists::newArrayList (36 bytes)
Event: 14.801 Thread 0x0000020013386040 nmethod 7408 0x0000020000000010 code [0x0000020000000240, 0x0000020000000b98]
Event: 14.855 Thread 0x0000020013385590 nmethod 7393 0x0000020007bb2b10 code [0x0000020007bb2d80, 0x0000020007bb50e0]
Event: 14.855 Thread 0x0000020013385590 7396       4       org.objectweb.asm.SymbolTable::addConstantUtf8Reference (101 bytes)
Event: 14.915 Thread 0x0000020013386040 7410       3       sun.nio.cs.StreamDecoder::<init> (52 bytes)
Event: 14.915 Thread 0x0000020013386040 nmethod 7410 0x0000020000070310 code [0x0000020000070500, 0x0000020000070b28]
Event: 14.918 Thread 0x0000020013386040 7411       3       java.io.BufferedReader::<init> (9 bytes)
Event: 14.918 Thread 0x0000020013386040 nmethod 7411 0x000002000006a110 code [0x000002000006a2c0, 0x000002000006a408]
Event: 14.920 Thread 0x0000020013386040 7412       3       java.io.BufferedReader::fill (170 bytes)
Event: 14.920 Thread 0x0000020013386040 nmethod 7412 0x00000200001f7c90 code [0x00000200001f7e80, 0x00000200001f8528]
Event: 14.925 Thread 0x0000020013386040 7413       3       jdk.internal.loader.URLClassPath$JarLoader::<init> (67 bytes)
Event: 14.926 Thread 0x0000020013386040 nmethod 7413 0x0000020000067e90 code [0x0000020000068120, 0x0000020000068d18]
Event: 14.949 Thread 0x0000020013385590 nmethod 7396 0x0000020007b0aa90 code [0x0000020007b0ad00, 0x0000020007b0d260]
Event: 14.954 Thread 0x0000020013385590 7414       4       java.util.LinkedList::linkLast (59 bytes)
Event: 14.958 Thread 0x0000020013385590 nmethod 7414 0x0000020007aed590 code [0x0000020007aed720, 0x0000020007aeda98]
Event: 14.959 Thread 0x0000020013385590 7415       4       java.nio.Buffer::limit (65 bytes)
Event: 14.959 Thread 0x0000020013385590 nmethod 7415 0x0000020007bc3f10 code [0x0000020007bc4080, 0x0000020007bc4178]

GC Heap History (20 events):
Event: 9.904 GC heap after
{Heap after GC invocations=19 (full 0):
 garbage-first heap   total 92160K, used 50115K [0x0000000080000000, 0x0000000100000000)
  region size 1024K, 1 young (1024K), 1 survivors (1024K)
 Metaspace       used 48397K, committed 48832K, reserved 1114112K
  class space    used 6472K, committed 6656K, reserved 1048576K
}
Event: 10.471 GC heap before
{Heap before GC invocations=19 (full 0):
 garbage-first heap   total 92160K, used 73667K [0x0000000080000000, 0x0000000100000000)
  region size 1024K, 24 young (24576K), 1 survivors (1024K)
 Metaspace       used 50654K, committed 51136K, reserved 1114112K
  class space    used 6846K, committed 7040K, reserved 1048576K
}
Event: 10.475 GC heap after
{Heap after GC invocations=20 (full 0):
 garbage-first heap   total 121856K, used 52181K [0x0000000080000000, 0x0000000100000000)
  region size 1024K, 3 young (3072K), 3 survivors (3072K)
 Metaspace       used 50654K, committed 51136K, reserved 1114112K
  class space    used 6846K, committed 7040K, reserved 1048576K
}
Event: 11.294 GC heap before
{Heap before GC invocations=21 (full 0):
 garbage-first heap   total 121856K, used 109525K [0x0000000080000000, 0x0000000100000000)
  region size 1024K, 45 young (46080K), 3 survivors (3072K)
 Metaspace       used 53641K, committed 54272K, reserved 1114112K
  class space    used 7170K, committed 7488K, reserved 1048576K
}
Event: 11.297 GC heap after
{Heap after GC invocations=22 (full 0):
 garbage-first heap   total 121856K, used 70753K [0x0000000080000000, 0x0000000100000000)
  region size 1024K, 6 young (6144K), 6 survivors (6144K)
 Metaspace       used 53641K, committed 54272K, reserved 1114112K
  class space    used 7170K, committed 7488K, reserved 1048576K
}
Event: 11.331 GC heap before
{Heap before GC invocations=22 (full 0):
 garbage-first heap   total 121856K, used 71777K [0x0000000080000000, 0x0000000100000000)
  region size 1024K, 7 young (7168K), 6 survivors (6144K)
 Metaspace       used 53676K, committed 54336K, reserved 1114112K
  class space    used 7173K, committed 7488K, reserved 1048576K
}
Event: 11.335 GC heap after
{Heap after GC invocations=23 (full 0):
 garbage-first heap   total 121856K, used 70376K [0x0000000080000000, 0x0000000100000000)
  region size 1024K, 1 young (1024K), 1 survivors (1024K)
 Metaspace       used 53676K, committed 54336K, reserved 1114112K
  class space    used 7173K, committed 7488K, reserved 1048576K
}
Event: 12.019 GC heap before
{Heap before GC invocations=23 (full 0):
 garbage-first heap   total 121856K, used 100072K [0x0000000080000000, 0x0000000100000000)
  region size 1024K, 30 young (30720K), 1 survivors (1024K)
 Metaspace       used 57406K, committed 57984K, reserved 1114112K
  class space    used 7783K, committed 8064K, reserved 1048576K
}
Event: 12.022 GC heap after
{Heap after GC invocations=24 (full 0):
 garbage-first heap   total 121856K, used 71881K [0x0000000080000000, 0x0000000100000000)
  region size 1024K, 2 young (2048K), 2 survivors (2048K)
 Metaspace       used 57406K, committed 57984K, reserved 1114112K
  class space    used 7783K, committed 8064K, reserved 1048576K
}
Event: 12.711 GC heap before
{Heap before GC invocations=25 (full 0):
 garbage-first heap   total 124928K, used 100553K [0x0000000080000000, 0x0000000100000000)
  region size 1024K, 30 young (30720K), 2 survivors (2048K)
 Metaspace       used 59930K, committed 60544K, reserved 1114112K
  class space    used 8227K, committed 8512K, reserved 1048576K
}
Event: 12.714 GC heap after
{Heap after GC invocations=26 (full 0):
 garbage-first heap   total 124928K, used 73801K [0x0000000080000000, 0x0000000100000000)
  region size 1024K, 4 young (4096K), 4 survivors (4096K)
 Metaspace       used 59930K, committed 60544K, reserved 1114112K
  class space    used 8227K, committed 8512K, reserved 1048576K
}
Event: 12.754 GC heap before
{Heap before GC invocations=26 (full 0):
 garbage-first heap   total 124928K, used 75849K [0x0000000080000000, 0x0000000100000000)
  region size 1024K, 6 young (6144K), 4 survivors (4096K)
 Metaspace       used 60106K, committed 60800K, reserved 1114112K
  class space    used 8253K, committed 8576K, reserved 1048576K
}
Event: 12.758 GC heap after
{Heap after GC invocations=27 (full 0):
 garbage-first heap   total 124928K, used 74074K [0x0000000080000000, 0x0000000100000000)
  region size 1024K, 1 young (1024K), 1 survivors (1024K)
 Metaspace       used 60106K, committed 60800K, reserved 1114112K
  class space    used 8253K, committed 8576K, reserved 1048576K
}
Event: 13.855 GC heap before
{Heap before GC invocations=27 (full 0):
 garbage-first heap   total 124928K, used 102746K [0x0000000080000000, 0x0000000100000000)
  region size 1024K, 30 young (30720K), 1 survivors (1024K)
 Metaspace       used 61916K, committed 62528K, reserved 1114112K
  class space    used 8480K, committed 8768K, reserved 1048576K
}
Event: 13.860 GC heap after
{Heap after GC invocations=28 (full 0):
 garbage-first heap   total 124928K, used 77590K [0x0000000080000000, 0x0000000100000000)
  region size 1024K, 4 young (4096K), 4 survivors (4096K)
 Metaspace       used 61916K, committed 62528K, reserved 1114112K
  class space    used 8480K, committed 8768K, reserved 1048576K
}
Event: 14.193 GC heap before
{Heap before GC invocations=29 (full 0):
 garbage-first heap   total 133120K, used 102166K [0x0000000080000000, 0x0000000100000000)
  region size 1024K, 29 young (29696K), 4 survivors (4096K)
 Metaspace       used 62095K, committed 62720K, reserved 1114112K
  class space    used 8480K, committed 8768K, reserved 1048576K
}
Event: 14.197 GC heap after
{Heap after GC invocations=30 (full 0):
 garbage-first heap   total 133120K, used 80281K [0x0000000080000000, 0x0000000100000000)
  region size 1024K, 4 young (4096K), 4 survivors (4096K)
 Metaspace       used 62095K, committed 62720K, reserved 1114112K
  class space    used 8480K, committed 8768K, reserved 1048576K
}
Event: 14.216 GC heap before
{Heap before GC invocations=30 (full 0):
 garbage-first heap   total 133120K, used 82329K [0x0000000080000000, 0x0000000100000000)
  region size 1024K, 6 young (6144K), 4 survivors (4096K)
 Metaspace       used 62103K, committed 62720K, reserved 1114112K
  class space    used 8480K, committed 8768K, reserved 1048576K
}
Event: 14.219 GC heap after
{Heap after GC invocations=31 (full 0):
 garbage-first heap   total 133120K, used 79935K [0x0000000080000000, 0x0000000100000000)
  region size 1024K, 1 young (1024K), 1 survivors (1024K)
 Metaspace       used 62103K, committed 62720K, reserved 1114112K
  class space    used 8480K, committed 8768K, reserved 1048576K
}
Event: 14.977 GC heap before
{Heap before GC invocations=31 (full 0):
 garbage-first heap   total 133120K, used 122943K [0x0000000080000000, 0x0000000100000000)
  region size 1024K, 30 young (30720K), 1 survivors (1024K)
 Metaspace       used 62944K, committed 63552K, reserved 1114112K
  class space    used 8613K, committed 8896K, reserved 1048576K
}

Dll operation events (3 events):
Event: 0.064 Loaded shared library C:\Program Files\Android\Android Studio\jbr\bin\java.dll
Event: 0.375 Loaded shared library C:\Program Files\Android\Android Studio\jbr\bin\zip.dll
Event: 1.281 Loaded shared library C:\Program Files\Android\Android Studio\jbr\bin\verify.dll

Deoptimization events (20 events):
Event: 14.810 Thread 0x000002001a919650 Uncommon trap: trap_request=0xffffffc6 fr.pc=0x0000020007dfb12c relative=0x000000000000056c
Event: 14.810 Thread 0x000002001a919650 Uncommon trap: reason=bimorphic_or_optimized_type_check action=maybe_recompile pc=0x0000020007dfb12c method=com.google.common.collect.Hashing.smearedHash(Ljava/lang/Object;)I @ 9 c2
Event: 14.810 Thread 0x000002001a919650 DEOPT PACKING pc=0x0000020007dfb12c sp=0x00000057b26f6750
Event: 14.810 Thread 0x000002001a919650 DEOPT UNPACKING pc=0x00000200075869a3 sp=0x00000057b26f6698 mode 2
Event: 14.821 Thread 0x000002001a919650 Uncommon trap: trap_request=0xffffffde fr.pc=0x0000020007c65aa4 relative=0x00000000000007a4
Event: 14.821 Thread 0x000002001a919650 Uncommon trap: reason=class_check action=maybe_recompile pc=0x0000020007c65aa4 method=java.io.BufferedInputStream.read1([BII)I @ 39 c2
Event: 14.821 Thread 0x000002001a919650 DEOPT PACKING pc=0x0000020007c65aa4 sp=0x00000057b26f6360
Event: 14.821 Thread 0x000002001a919650 DEOPT UNPACKING pc=0x00000200075869a3 sp=0x00000057b26f6278 mode 2
Event: 14.821 Thread 0x000002001a919650 Uncommon trap: trap_request=0xffffffc6 fr.pc=0x0000020007ba7254 relative=0x0000000000000c54
Event: 14.821 Thread 0x000002001a919650 Uncommon trap: reason=bimorphic_or_optimized_type_check action=maybe_recompile pc=0x0000020007ba7254 method=java.util.Properties$LineReader.readLine()I @ 479 c2
Event: 14.821 Thread 0x000002001a919650 DEOPT PACKING pc=0x0000020007ba7254 sp=0x00000057b26f6430
Event: 14.821 Thread 0x000002001a919650 DEOPT UNPACKING pc=0x00000200075869a3 sp=0x00000057b26f63b8 mode 2
Event: 14.821 Thread 0x000002001a919650 Uncommon trap: trap_request=0xffffffde fr.pc=0x0000020007c65aa4 relative=0x00000000000007a4
Event: 14.821 Thread 0x000002001a919650 Uncommon trap: reason=class_check action=maybe_recompile pc=0x0000020007c65aa4 method=java.io.BufferedInputStream.read1([BII)I @ 39 c2
Event: 14.821 Thread 0x000002001a919650 DEOPT PACKING pc=0x0000020007c65aa4 sp=0x00000057b26f6310
Event: 14.821 Thread 0x000002001a919650 DEOPT UNPACKING pc=0x00000200075869a3 sp=0x00000057b26f6228 mode 2
Event: 14.821 Thread 0x000002001a919650 Uncommon trap: trap_request=0xffffffde fr.pc=0x0000020007c65aa4 relative=0x00000000000007a4
Event: 14.821 Thread 0x000002001a919650 Uncommon trap: reason=class_check action=maybe_recompile pc=0x0000020007c65aa4 method=java.io.BufferedInputStream.read1([BII)I @ 39 c2
Event: 14.821 Thread 0x000002001a919650 DEOPT PACKING pc=0x0000020007c65aa4 sp=0x00000057b26f6360
Event: 14.821 Thread 0x000002001a919650 DEOPT UNPACKING pc=0x00000200075869a3 sp=0x00000057b26f6278 mode 2

Classes unloaded (0 events):
No events

Classes redefined (0 events):
No events

Internal exceptions (20 events):
Event: 12.555 Thread 0x000002001a919650 Exception <a 'java/lang/NoSuchMethodError'{0x000000008620f020}: 'java.lang.Object java.lang.invoke.DirectMethodHandle$Holder.invokeSpecial(java.lang.Object, java.lang.Object, java.lang.Object, java.lang.Object, java.lang.Object, java.lang.Object, java.lang.Object, java.lang.Object, java.lang.Object, java.lang.Object, java.lang.Object, java.lang.Object, java.lang.Object, java.lang.Object, java.lang.Object, java.lang.Object, java.lang.Object, java.lang.Object, java.lang.Object, java.lang.Object, java.lang.Ob
Event: 12.556 Thread 0x000002001a919650 Exception <a 'java/lang/NoSuchMethodError'{0x0000000086215530}: 'java.lang.Object java.lang.invoke.DelegatingMethodHandle$Holder.reinvoke_L(java.lang.Object, java.lang.Object, java.lang.Object, java.lang.Object, java.lang.Object, java.lang.Object, java.lang.Object, java.lang.Object, java.lang.Object, java.lang.Object, java.lang.Object, java.lang.Object, java.lang.Object, java.lang.Object, java.lang.Object, java.lang.Object, java.lang.Object, java.lang.Object, java.lang.Object, java.lang.Object, java.lang.O
Event: 12.556 Thread 0x000002001a919650 Exception <a 'java/lang/NoSuchMethodError'{0x0000000086220f78}: 'java.lang.Object java.lang.invoke.Invokers$Holder.invoker(java.lang.Object, java.lang.Object, java.lang.Object, java.lang.Object, java.lang.Object, java.lang.Object, java.lang.Object, java.lang.Object, java.lang.Object, java.lang.Object, java.lang.Object, java.lang.Object, java.lang.Object, java.lang.Object, java.lang.Object, java.lang.Object, java.lang.Object, java.lang.Object, java.lang.Object, java.lang.Object, java.lang.Object, java.lang.
Event: 12.557 Thread 0x000002001a919650 Exception <a 'java/lang/NoSuchMethodError'{0x0000000086227b78}: 'java.lang.Object java.lang.invoke.DelegatingMethodHandle$Holder.delegate(java.lang.Object, java.lang.Object, java.lang.Object, java.lang.Object, java.lang.Object, java.lang.Object, java.lang.Object, java.lang.Object, java.lang.Object, java.lang.Object, java.lang.Object, java.lang.Object, java.lang.Object, java.lang.Object, java.lang.Object, java.lang.Object, java.lang.Object, java.lang.Object, java.lang.Object, java.lang.Object, java.lang.Obj
Event: 12.568 Thread 0x000002001a919650 Exception <a 'java/lang/NoSuchMethodError'{0x00000000861070d8}: 'java.lang.Object java.lang.invoke.DirectMethodHandle$Holder.invokeStatic(java.lang.Object, java.lang.Object, java.lang.Object, java.lang.Object, java.lang.Object, java.lang.Object, java.lang.Object, java.lang.Object, java.lang.Object, java.lang.Object, java.lang.Object, java.lang.Object, java.lang.Object, java.lang.Object, java.lang.Object, java.lang.Object, java.lang.Object, java.lang.Object, java.lang.Object, java.lang.Object, java.lang.Obj
Event: 12.737 Thread 0x000002001a919650 Exception <a 'java/lang/NoSuchMethodError'{0x0000000087bd49b8}: static Lorg/gradle/api/internal/catalog/DefaultVersionCatalog;.<clinit>()V> (0x0000000087bd49b8) 
thrown [s\src\hotspot\share\prims\jni.cpp, line 1108]
Event: 12.743 Thread 0x000002001a919650 Exception <a 'java/lang/NoSuchMethodError'{0x0000000087828aa0}: static [Ljava/lang/Object;.<clinit>()V> (0x0000000087828aa0) 
thrown [s\src\hotspot\share\prims\jni.cpp, line 1108]
Event: 12.746 Thread 0x000002001a919650 Exception <a 'java/lang/NoSuchMethodError'{0x000000008785f2b0}: static Lorg/gradle/api/internal/catalog/DependencyModel;.<clinit>()V> (0x000000008785f2b0) 
thrown [s\src\hotspot\share\prims\jni.cpp, line 1108]
Event: 12.746 Thread 0x000002001a919650 Exception <a 'java/lang/NoSuchMethodError'{0x0000000087862ca8}: static Lorg/gradle/api/internal/catalog/AbstractContextAwareModel;.<clinit>()V> (0x0000000087862ca8) 
thrown [s\src\hotspot\share\prims\jni.cpp, line 1108]
Event: 12.747 Thread 0x000002001a919650 Exception <a 'java/lang/NoSuchMethodError'{0x000000008787cd10}: static Lorg/gradle/api/internal/artifacts/dependencies/AbstractVersionConstraint;.<clinit>()V> (0x000000008787cd10) 
thrown [s\src\hotspot\share\prims\jni.cpp, line 1108]
Event: 12.753 Thread 0x000002001a919650 Exception <a 'java/lang/NoSuchMethodError'{0x00000000878deff8}: static Lorg/gradle/api/internal/catalog/PluginModel;.<clinit>()V> (0x00000000878deff8) 
thrown [s\src\hotspot\share\prims\jni.cpp, line 1108]
Event: 12.754 Thread 0x000002001a919650 Exception <a 'java/lang/NoSuchMethodError'{0x00000000878f6568}: static Lorg/gradle/api/internal/catalog/VersionModel;.<clinit>()V> (0x00000000878f6568) 
thrown [s\src\hotspot\share\prims\jni.cpp, line 1108]
Event: 12.863 Thread 0x000002001a919650 Exception <a 'java/lang/NoSuchMethodError'{0x0000000087596720}: 'int java.lang.invoke.DirectMethodHandle$Holder.invokeSpecialIFC(java.lang.Object, java.lang.Object, java.lang.Object)'> (0x0000000087596720) 
thrown [s\src\hotspot\share\interpreter\linkResolver.cpp, line 771]
Event: 12.942 Thread 0x000002001a919650 Exception <a 'java/lang/NoSuchMethodError'{0x00000000871636f0}: 'java.lang.Object java.lang.invoke.DirectMethodHandle$Holder.newInvokeSpecial(java.lang.Object, java.lang.Object, java.lang.Object, java.lang.Object, java.lang.Object, int)'> (0x00000000871636f0) 
thrown [s\src\hotspot\share\interpreter\linkResolver.cpp, line 771]
Event: 12.943 Thread 0x000002001a919650 Exception <a 'java/lang/NoSuchMethodError'{0x0000000087168df0}: 'java.lang.Object java.lang.invoke.DirectMethodHandle$Holder.invokeSpecial(java.lang.Object, java.lang.Object, java.lang.Object, java.lang.Object, java.lang.Object, java.lang.Object, int)'> (0x0000000087168df0) 
thrown [s\src\hotspot\share\interpreter\linkResolver.cpp, line 771]
Event: 12.943 Thread 0x000002001a919650 Exception <a 'java/lang/NoSuchMethodError'{0x000000008716de78}: 'java.lang.Object java.lang.invoke.Invokers$Holder.linkToTargetMethod(java.lang.Object, java.lang.Object, java.lang.Object, java.lang.Object, int, java.lang.Object)'> (0x000000008716de78) 
thrown [s\src\hotspot\share\interpreter\linkResolver.cpp, line 771]
Event: 12.948 Thread 0x000002001a919650 Exception <a 'java/lang/NoSuchMethodError'{0x00000000871a2550}: 'java.lang.Object java.lang.invoke.DirectMethodHandle$Holder.invokeSpecial(java.lang.Object, java.lang.Object, java.lang.Object, java.lang.Object, java.lang.Object, long)'> (0x00000000871a2550) 
thrown [s\src\hotspot\share\interpreter\linkResolver.cpp, line 771]
Event: 12.951 Thread 0x000002001a919650 Exception <a 'java/lang/NoSuchMethodError'{0x00000000871c5ea0}: 'void java.lang.invoke.DirectMethodHandle$Holder.invokeStatic(java.lang.Object, java.lang.Object, java.lang.Object, int, java.lang.Object)'> (0x00000000871c5ea0) 
thrown [s\src\hotspot\share\interpreter\linkResolver.cpp, line 771]
Event: 14.393 Thread 0x000002001a919650 Implicit null exception at 0x0000020007d9e512 to 0x0000020007d9ebec
Event: 14.394 Thread 0x000002001a919650 Implicit null exception at 0x0000020007da1314 to 0x0000020007da19d8

VM Operations (20 events):
Event: 13.910 Executing VM operation: G1PauseRemark done
Event: 13.931 Executing VM operation: G1PauseCleanup
Event: 13.931 Executing VM operation: G1PauseCleanup done
Event: 14.193 Executing VM operation: G1CollectForAllocation
Event: 14.197 Executing VM operation: G1CollectForAllocation done
Event: 14.216 Executing VM operation: G1CollectForAllocation
Event: 14.219 Executing VM operation: G1CollectForAllocation done
Event: 14.406 Executing VM operation: ICBufferFull
Event: 14.407 Executing VM operation: ICBufferFull done
Event: 14.535 Executing VM operation: HandshakeAllThreads
Event: 14.536 Executing VM operation: HandshakeAllThreads done
Event: 14.588 Executing VM operation: HandshakeAllThreads
Event: 14.588 Executing VM operation: HandshakeAllThreads done
Event: 14.626 Executing VM operation: HandshakeAllThreads
Event: 14.626 Executing VM operation: HandshakeAllThreads done
Event: 14.670 Executing VM operation: HandshakeAllThreads
Event: 14.670 Executing VM operation: HandshakeAllThreads done
Event: 14.793 Executing VM operation: ICBufferFull
Event: 14.793 Executing VM operation: ICBufferFull done
Event: 14.977 Executing VM operation: G1CollectForAllocation

Events (20 events):
Event: 14.679 Thread 0x0000020013388a50 flushing nmethod 0x0000020000adb490
Event: 14.679 Thread 0x0000020013388a50 flushing nmethod 0x0000020000ae1690
Event: 14.679 Thread 0x0000020013388a50 flushing nmethod 0x0000020000ae1d90
Event: 14.679 Thread 0x0000020013388a50 flushing nmethod 0x0000020000aea390
Event: 14.679 Thread 0x0000020013388a50 flushing nmethod 0x0000020000aeaa90
Event: 14.679 Thread 0x0000020013388a50 flushing nmethod 0x0000020000af9a10
Event: 14.679 Thread 0x0000020013388a50 flushing nmethod 0x0000020000afbb90
Event: 14.680 Thread 0x0000020013388a50 flushing nmethod 0x0000020000b2d210
Event: 14.680 Thread 0x0000020013388a50 flushing nmethod 0x0000020000b8a610
Event: 14.680 Thread 0x0000020013388a50 flushing nmethod 0x0000020000baec90
Event: 14.680 Thread 0x0000020013388a50 flushing nmethod 0x0000020000bb0e90
Event: 14.680 Thread 0x0000020013388a50 flushing nmethod 0x0000020000bba110
Event: 14.680 Thread 0x0000020013388a50 flushing nmethod 0x0000020000bfb210
Event: 14.680 Thread 0x0000020013388a50 flushing nmethod 0x0000020000c08410
Event: 14.680 Thread 0x0000020013388a50 flushing nmethod 0x0000020000c1ca90
Event: 14.680 Thread 0x0000020013388a50 flushing nmethod 0x0000020000c27e10
Event: 14.680 Thread 0x0000020013388a50 flushing nmethod 0x0000020000c34010
Event: 14.680 Thread 0x0000020013388a50 flushing nmethod 0x0000020000c45790
Event: 14.680 Thread 0x0000020013388a50 flushing nmethod 0x0000020000c45d90
Event: 14.681 Thread 0x0000020013388a50 flushing nmethod 0x0000020000d2f890


Dynamic libraries:
0x00007ff7ed070000 - 0x00007ff7ed07a000 	C:\Program Files\Android\Android Studio\jbr\bin\java.exe
0x00007ff9df0f0000 - 0x00007ff9df307000 	C:\windows\SYSTEM32\ntdll.dll
0x00007ff9dedc0000 - 0x00007ff9dee84000 	C:\windows\System32\KERNEL32.DLL
0x00007ff9dc8f0000 - 0x00007ff9dcc9d000 	C:\windows\System32\KERNELBASE.dll
0x00007ff9dc7d0000 - 0x00007ff9dc8e1000 	C:\windows\System32\ucrtbase.dll
0x00007ff9a3b60000 - 0x00007ff9a3b77000 	C:\Program Files\Android\Android Studio\jbr\bin\jli.dll
0x00007ff9d2e20000 - 0x00007ff9d2e3b000 	C:\Program Files\Android\Android Studio\jbr\bin\VCRUNTIME140.dll
0x00007ff9dd6c0000 - 0x00007ff9dd86e000 	C:\windows\System32\USER32.dll
0x00007ff9dcd20000 - 0x00007ff9dcd46000 	C:\windows\System32\win32u.dll
0x00007ff9de5a0000 - 0x00007ff9de5c9000 	C:\windows\System32\GDI32.dll
0x00007ff9dc6b0000 - 0x00007ff9dc7c9000 	C:\windows\System32\gdi32full.dll
0x00007ff9dcd80000 - 0x00007ff9dce1a000 	C:\windows\System32\msvcp_win.dll
0x00007ff9bbf40000 - 0x00007ff9bc1d3000 	C:\windows\WinSxS\amd64_microsoft.windows.common-controls_6595b64144ccf1df_6.0.22621.3672_none_2713b9d173822955\COMCTL32.dll
0x00007ff9defa0000 - 0x00007ff9df047000 	C:\windows\System32\msvcrt.dll
0x00007ff9def60000 - 0x00007ff9def91000 	C:\windows\System32\IMM32.DLL
0x00007ff9d80d0000 - 0x00007ff9d80dc000 	C:\Program Files\Android\Android Studio\jbr\bin\vcruntime140_1.dll
0x00007ff98bd20000 - 0x00007ff98bdad000 	C:\Program Files\Android\Android Studio\jbr\bin\msvcp140.dll
0x00007ff954a70000 - 0x00007ff9556f3000 	C:\Program Files\Android\Android Studio\jbr\bin\server\jvm.dll
0x00007ff9dda80000 - 0x00007ff9ddb32000 	C:\windows\System32\ADVAPI32.dll
0x00007ff9deeb0000 - 0x00007ff9def59000 	C:\windows\System32\sechost.dll
0x00007ff9dcd50000 - 0x00007ff9dcd78000 	C:\windows\System32\bcrypt.dll
0x00007ff9debf0000 - 0x00007ff9ded04000 	C:\windows\System32\RPCRT4.dll
0x00007ff9abdc0000 - 0x00007ff9abdc9000 	C:\windows\SYSTEM32\WSOCK32.dll
0x00007ff9c6bb0000 - 0x00007ff9c6bba000 	C:\windows\SYSTEM32\VERSION.dll
0x00007ff9d53f0000 - 0x00007ff9d5424000 	C:\windows\SYSTEM32\WINMM.dll
0x00007ff9db610000 - 0x00007ff9db65d000 	C:\windows\SYSTEM32\POWRPROF.dll
0x00007ff9de5d0000 - 0x00007ff9de641000 	C:\windows\System32\WS2_32.dll
0x00007ff9db5b0000 - 0x00007ff9db5c3000 	C:\windows\SYSTEM32\UMPDC.dll
0x00007ff9db430000 - 0x00007ff9db448000 	C:\windows\SYSTEM32\kernel.appcore.dll
0x00007ff9d3ee0000 - 0x00007ff9d3eea000 	C:\Program Files\Android\Android Studio\jbr\bin\jimage.dll
0x00007ff9d9500000 - 0x00007ff9d9732000 	C:\windows\SYSTEM32\DBGHELP.DLL
0x00007ff9de670000 - 0x00007ff9de9fe000 	C:\windows\System32\combase.dll
0x00007ff9de4c0000 - 0x00007ff9de597000 	C:\windows\System32\OLEAUT32.dll
0x00007ff9b2800000 - 0x00007ff9b2832000 	C:\windows\SYSTEM32\dbgcore.DLL
0x00007ff9dcca0000 - 0x00007ff9dcd1b000 	C:\windows\System32\bcryptPrimitives.dll
0x00007ff9b91a0000 - 0x00007ff9b91ae000 	C:\Program Files\Android\Android Studio\jbr\bin\instrument.dll
0x00007ff9d1c80000 - 0x00007ff9d1ca5000 	C:\Program Files\Android\Android Studio\jbr\bin\java.dll
0x00007ff9d2c20000 - 0x00007ff9d2c38000 	C:\Program Files\Android\Android Studio\jbr\bin\zip.dll
0x00007ff9ddc40000 - 0x00007ff9de4a7000 	C:\windows\System32\SHELL32.dll
0x00007ff9da340000 - 0x00007ff9dac3f000 	C:\windows\SYSTEM32\windows.storage.dll
0x00007ff9da200000 - 0x00007ff9da33f000 	C:\windows\SYSTEM32\wintypes.dll
0x00007ff9dd980000 - 0x00007ff9dda79000 	C:\windows\System32\SHCORE.dll
0x00007ff9df050000 - 0x00007ff9df0ae000 	C:\windows\System32\shlwapi.dll
0x00007ff9dc340000 - 0x00007ff9dc367000 	C:\windows\SYSTEM32\profapi.dll
0x00007ff9d15c0000 - 0x00007ff9d15d9000 	C:\Program Files\Android\Android Studio\jbr\bin\net.dll
0x00007ff9d7cf0000 - 0x00007ff9d7e26000 	C:\windows\SYSTEM32\WINHTTP.dll
0x00007ff9db970000 - 0x00007ff9db9d9000 	C:\windows\system32\mswsock.dll
0x00007ff9bd7f0000 - 0x00007ff9bd806000 	C:\Program Files\Android\Android Studio\jbr\bin\nio.dll
0x00007ff9d2de0000 - 0x00007ff9d2df0000 	C:\Program Files\Android\Android Studio\jbr\bin\verify.dll
0x00007ff997a10000 - 0x00007ff997a37000 	C:\Users\angel\.gradle\native\c067742578af261105cb4f569cf0c3c89f3d7b1fecec35dd04571415982c5e48\windows-amd64\native-platform.dll
0x00007ff96eee0000 - 0x00007ff96f024000 	C:\Users\angel\.gradle\native\38dada09dfb8b06ba9b0570ebf7e218e3eb74d4ef43ca46872605cf95ebc2f47\windows-amd64\native-platform-file-events.dll
0x00007ff9ba5f0000 - 0x00007ff9ba5f9000 	C:\Program Files\Android\Android Studio\jbr\bin\management.dll
0x00007ff9b91b0000 - 0x00007ff9b91bb000 	C:\Program Files\Android\Android Studio\jbr\bin\management_ext.dll
0x00007ff9dceb0000 - 0x00007ff9dceb8000 	C:\windows\System32\PSAPI.DLL
0x00007ff9dbc60000 - 0x00007ff9dbc7b000 	C:\windows\SYSTEM32\CRYPTSP.dll
0x00007ff9db3f0000 - 0x00007ff9db425000 	C:\windows\system32\rsaenh.dll
0x00007ff9dba10000 - 0x00007ff9dba38000 	C:\windows\SYSTEM32\USERENV.dll
0x00007ff9dbb70000 - 0x00007ff9dbb7c000 	C:\windows\SYSTEM32\CRYPTBASE.dll
0x00007ff9daf30000 - 0x00007ff9daf5d000 	C:\windows\SYSTEM32\IPHLPAPI.DLL
0x00007ff9de4b0000 - 0x00007ff9de4b9000 	C:\windows\System32\NSI.dll
0x00007ff9d7c10000 - 0x00007ff9d7c29000 	C:\windows\SYSTEM32\dhcpcsvc6.DLL
0x00007ff9d7b10000 - 0x00007ff9d7b2f000 	C:\windows\SYSTEM32\dhcpcsvc.DLL
0x00007ff9daf60000 - 0x00007ff9db058000 	C:\windows\SYSTEM32\DNSAPI.dll
0x00007ff9ba920000 - 0x00007ff9ba929000 	C:\Program Files\Android\Android Studio\jbr\bin\extnet.dll
0x00007ff9b7200000 - 0x00007ff9b7208000 	C:\windows\system32\wshunix.dll

dbghelp: loaded successfully - version: 4.0.5 - missing functions: none
symbol engine: initialized successfully - sym options: 0x614 - pdb path: .;C:\Program Files\Android\Android Studio\jbr\bin;C:\windows\SYSTEM32;C:\windows\WinSxS\amd64_microsoft.windows.common-controls_6595b64144ccf1df_6.0.22621.3672_none_2713b9d173822955;C:\Program Files\Android\Android Studio\jbr\bin\server;C:\Users\angel\.gradle\native\c067742578af261105cb4f569cf0c3c89f3d7b1fecec35dd04571415982c5e48\windows-amd64;C:\Users\angel\.gradle\native\38dada09dfb8b06ba9b0570ebf7e218e3eb74d4ef43ca46872605cf95ebc2f47\windows-amd64

VM Arguments:
jvm_args: --add-opens=java.base/java.util=ALL-UNNAMED --add-opens=java.base/java.lang=ALL-UNNAMED --add-opens=java.base/java.lang.invoke=ALL-UNNAMED --add-opens=java.prefs/java.util.prefs=ALL-UNNAMED --add-opens=java.base/java.nio.charset=ALL-UNNAMED --add-opens=java.base/java.net=ALL-UNNAMED --add-opens=java.base/java.util.concurrent.atomic=ALL-UNNAMED -Xmx2048m -Dfile.encoding=UTF-8 -Duser.country=SV -Duser.language=es -Duser.variant -javaagent:C:\Users\angel\.gradle\wrapper\dists\gradle-8.7-bin\bhs2wmbdwecv87pi65oeuq5iu\gradle-8.7\lib\agents\gradle-instrumentation-agent-8.7.jar 
java_command: org.gradle.launcher.daemon.bootstrap.GradleDaemon 8.7
java_class_path (initial): C:\Users\angel\.gradle\wrapper\dists\gradle-8.7-bin\bhs2wmbdwecv87pi65oeuq5iu\gradle-8.7\lib\gradle-launcher-8.7.jar
Launcher Type: SUN_STANDARD

[Global flags]
     intx CICompilerCount                          = 4                                         {product} {ergonomic}
     uint ConcGCThreads                            = 2                                         {product} {ergonomic}
     uint G1ConcRefinementThreads                  = 8                                         {product} {ergonomic}
   size_t G1HeapRegionSize                         = 1048576                                   {product} {ergonomic}
    uintx GCDrainStackTargetSize                   = 64                                        {product} {ergonomic}
   size_t InitialHeapSize                          = 130023424                                 {product} {ergonomic}
   size_t MarkStackSize                            = 4194304                                   {product} {ergonomic}
   size_t MaxHeapSize                              = 2147483648                                {product} {command line}
   size_t MaxNewSize                               = 1287651328                                {product} {ergonomic}
   size_t MinHeapDeltaBytes                        = 1048576                                   {product} {ergonomic}
   size_t MinHeapSize                              = 8388608                                   {product} {ergonomic}
    uintx NonNMethodCodeHeapSize                   = 5839372                                {pd product} {ergonomic}
    uintx NonProfiledCodeHeapSize                  = 122909434                              {pd product} {ergonomic}
    uintx ProfiledCodeHeapSize                     = 122909434                              {pd product} {ergonomic}
    uintx ReservedCodeCacheSize                    = 251658240                              {pd product} {ergonomic}
     bool SegmentedCodeCache                       = true                                      {product} {ergonomic}
   size_t SoftMaxHeapSize                          = 2147483648                             {manageable} {ergonomic}
     bool UseCompressedClassPointers               = true                           {product lp64_product} {ergonomic}
     bool UseCompressedOops                        = true                           {product lp64_product} {ergonomic}
     bool UseG1GC                                  = true                                      {product} {ergonomic}
     bool UseLargePagesIndividualAllocation        = false                                  {pd product} {ergonomic}

Logging:
Log output configuration:
 #0: stdout all=warning uptime,level,tags
 #1: stderr all=off uptime,level,tags

Environment Variables:
PATH=C:\Program Files (x86)\Common Files\Oracle\Java\java8path;C:\Program Files (x86)\Common Files\Oracle\Java\javapath;C:\oracle\dbhomeXE\bin;C:\app\angel\product\21c\dbhomeXE\bin;C:\windows\system32;C:\windows;C:\windows\System32\Wbem;C:\windows\System32\WindowsPowerShell\v1.0\;C:\windows\System32\OpenSSH\;C:\Program Files\dotnet\;C:\Program Files (x86)\Microsoft SQL Server\160\Tools\Binn\;C:\Program Files\Microsoft SQL Server\160\Tools\Binn\;C:\Program Files\Microsoft SQL Server\Client SDK\ODBC\170\Tools\Binn\;C:\Program Files\Microsoft SQL Server\160\DTS\Binn\;C:\Program Files (x86)\Microsoft SQL Server\160\DTS\Binn\;C:\Program Files\Azure Data Studio\bin;C:\Program Files\HP\HP One Agent;C:\Program Files\Git\cmd;C:\Users\angel\AppData\Local\Microsoft\WindowsApps;;C:\Users\angel\AppData\Local\Programs\Microsoft VS Code\bin;C:\Users\angel\.dotnet\tools;C:\Program Files\Azure Data Studio\bin
USERNAME=angel
OS=Windows_NT
PROCESSOR_IDENTIFIER=Intel64 Family 6 Model 154 Stepping 4, GenuineIntel
TMP=C:\Users\angel\AppData\Local\Temp
TEMP=C:\Users\angel\AppData\Local\Temp



Periodic native trim disabled

JNI global refs:
JNI global refs: 26, weak refs: 0

JNI global refs memory usage: 843, weak refs: 841

OOME stack traces (most recent first):
Classloader memory used:
Loader org.gradle.internal.classloader.VisitableURLClassLoader                         : 3832K
Loader bootstrap                                                                       : 2493K
Loader org.gradle.initialization.MixInLegacyTypesClassLoader                           : 1136K
Loader org.gradle.internal.classloader.VisitableURLClassLoader$InstrumentingVisitableURLClassLoader: 140K
Loader org.gradle.internal.classloader.VisitableURLClassLoader                         : 118K
Loader jdk.internal.loader.ClassLoaders$PlatformClassLoader                            : 67915B
Loader jdk.internal.reflect.DelegatingClassLoader                                      : 36080B
Loader jdk.internal.loader.ClassLoaders$AppClassLoader                                 : 28714B
Loader org.gradle.groovy.scripts.internal.DefaultScriptCompilationHandler$ScriptClassLoader: 10734B
Loader org.codehaus.groovy.runtime.callsite.CallSiteClassLoader                        : 5853B

Classes loaded by more than one classloader:
Class Program                                                                         : loaded 4 times (x 72B)
Class org.gradle.internal.Cast                                                        : loaded 3 times (x 69B)
Class org.gradle.api.GradleException                                                  : loaded 3 times (x 80B)
Class com.google.common.collect.SingletonImmutableList                                : loaded 2 times (x 167B)
Class org.gradle.internal.classpath.ClassPath                                         : loaded 2 times (x 68B)
Class org.gradle.api.internal.classpath.DefaultModuleRegistry                         : loaded 2 times (x 84B)
Class org.gradle.internal.exceptions.NonGradleCauseExceptionsHolder                   : loaded 2 times (x 68B)
Class Settings_gradle$1$1                                                             : loaded 2 times (x 72B)
Class com.google.common.base.CharMatcher$JavaDigit                                    : loaded 2 times (x 109B)
Class com.google.common.base.CharMatcher$Digit                                        : loaded 2 times (x 110B)
Class org.gradle.api.Action                                                           : loaded 2 times (x 68B)
Class org.jetbrains.kotlin.idea.gradleTooling.model.samWithReceiver.SamWithReceiverModel: loaded 2 times (x 68B)
Class com.google.common.collect.Lists$StringAsImmutableList                           : loaded 2 times (x 167B)
Class org.jetbrains.plugins.gradle.model.ExternalProject                              : loaded 2 times (x 68B)
Class org.jetbrains.plugins.gradle.model.IntelliJSettings                             : loaded 2 times (x 68B)
Class com.google.common.base.CharMatcher                                              : loaded 2 times (x 109B)
Class com.google.common.base.CharMatcher$IsNot                                        : loaded 2 times (x 109B)
Class com.google.common.base.Splitter                                                 : loaded 2 times (x 70B)
Class org.jetbrains.kotlin.idea.gradleTooling.KotlinMPPGradleModel                    : loaded 2 times (x 68B)
Class org.gradle.api.internal.DefaultClassPathProvider                                : loaded 2 times (x 74B)
Class org.gradle.internal.installation.GradleInstallation$1                           : loaded 2 times (x 73B)
Class com.google.common.base.CharMatcher$BitSetMatcher                                : loaded 2 times (x 110B)
Class org.gradle.internal.exceptions.DefaultMultiCauseException                       : loaded 2 times (x 93B)
Class org.gradle.tooling.model.UnsupportedMethodException                             : loaded 2 times (x 80B)
Class org.gradle.internal.time.MonotonicClock                                         : loaded 2 times (x 75B)
Class com.google.common.base.Predicate                                                : loaded 2 times (x 68B)
Class org.gradle.internal.classloader.FilteringClassLoader                            : loaded 2 times (x 103B)
Class org.gradle.tooling.model.Model                                                  : loaded 2 times (x 68B)
Class org.gradle.internal.classpath.DefaultClassPath$ImmutableUniqueList$Builder      : loaded 2 times (x 73B)
Class com.google.common.base.CharMatcher$InRange                                      : loaded 2 times (x 109B)
Class org.jetbrains.kotlin.idea.gradleTooling.KotlinSourceSetContainer                : loaded 2 times (x 68B)
Class com.google.common.collect.Lists                                                 : loaded 2 times (x 69B)
Class org.gradle.internal.classloader.ClassLoaderVisitor                              : loaded 2 times (x 74B)
Class sync_studio_tooling1_12ndt5culfrz1zf54bzbfo55y$_run_closure1                    : loaded 2 times (x 137B)
Class org.gradle.internal.time.DefaultCountdownTimer                                  : loaded 2 times (x 86B)
Class org.gradle.internal.service.DefaultServiceLocator                               : loaded 2 times (x 81B)
Class org.jetbrains.plugins.gradle.model.jar.JarTaskManifestConfiguration             : loaded 2 times (x 68B)
Class org.gradle.internal.service.UnknownServiceException                             : loaded 2 times (x 81B)
Class org.jetbrains.plugins.gradle.model.DependencyAccessorsModel                     : loaded 2 times (x 68B)
Class org.gradle.internal.classloader.DefaultClassLoaderFactory                       : loaded 2 times (x 80B)
Class com.google.common.collect.UnmodifiableIterator                                  : loaded 2 times (x 78B)
Class com.google.common.base.CharMatcher$SingleWidth                                  : loaded 2 times (x 110B)
Class org.jetbrains.plugins.gradle.model.GradleExtensions                             : loaded 2 times (x 68B)
Class com.google.common.base.JdkPattern                                               : loaded 2 times (x 73B)
Class org.jetbrains.plugins.gradle.model.VersionCatalogsModel                         : loaded 2 times (x 68B)
Class org.gradle.internal.classloader.VisitableURLClassLoader$Spec                    : loaded 2 times (x 72B)
Class org.gradle.tooling.model.ProjectModel                                           : loaded 2 times (x 68B)
Class org.jetbrains.plugins.gradle.model.MavenRepositoryModel                         : loaded 2 times (x 68B)
Class com.google.common.base.CharMatcher$JavaLetterOrDigit                            : loaded 2 times (x 109B)
Class org.gradle.tooling.internal.gradle.DefaultProjectIdentifier                     : loaded 2 times (x 84B)
Class org.gradle.api.internal.classpath.ModuleRegistry                                : loaded 2 times (x 68B)
Class com.google.common.collect.ImmutableCollection                                   : loaded 2 times (x 123B)
Class org.jetbrains.plugins.gradle.model.RepositoriesModel                            : loaded 2 times (x 68B)
Class kotlin.jvm.internal.markers.KMappedMarker                                       : loaded 2 times (x 68B)
Class org.gradle.api.internal.ClassPathProvider                                       : loaded 2 times (x 68B)
Class org.gradle.util.GradleVersion                                                   : loaded 2 times (x 81B)
Class com.google.common.collect.ImmutableList$ReverseImmutableList                    : loaded 2 times (x 168B)
Class sync_studio_tooling1_12ndt5culfrz1zf54bzbfo55y                                  : loaded 2 times (x 177B)
Class org.gradle.internal.classloader.ClassLoaderFactory                              : loaded 2 times (x 68B)
Class com.google.common.collect.ObjectArrays                                          : loaded 2 times (x 69B)
Class com.google.common.collect.ImmutableList                                         : loaded 2 times (x 166B)
Class org.gradle.api.internal.classpath.ManifestUtil                                  : loaded 2 times (x 69B)
Class org.gradle.api.specs.Spec                                                       : loaded 2 times (x 68B)
Class com.google.common.base.CharMatcher$Whitespace                                   : loaded 2 times (x 110B)
Class org.gradle.tooling.internal.gradle.GradleBuildIdentity                          : loaded 2 times (x 68B)
Class com.google.common.base.Preconditions                                            : loaded 2 times (x 69B)
Class org.gradle.internal.IoActions                                                   : loaded 2 times (x 69B)
Class com.google.common.collect.CollectPreconditions                                  : loaded 2 times (x 69B)
Class com.google.common.collect.AbstractIndexedListIterator                           : loaded 2 times (x 94B)
Class com.google.common.base.CharMatcher$None                                         : loaded 2 times (x 110B)
Class org.gradle.api.internal.classpath.EffectiveClassPath                            : loaded 2 times (x 88B)
Class com.google.common.collect.UnmodifiableListIterator                              : loaded 2 times (x 93B)
Class kotlin.jvm.internal.DefaultConstructorMarker                                    : loaded 2 times (x 69B)
Class com.google.common.collect.ImmutableList$1                                       : loaded 2 times (x 95B)
Class com.google.common.base.Splitter$Strategy                                        : loaded 2 times (x 68B)
Class org.gradle.internal.exceptions.ResolutionProvider                               : loaded 2 times (x 68B)
Class org.jetbrains.kotlin.idea.gradleTooling.model.annotation.AnnotationBasedPluginModel: loaded 2 times (x 68B)
Class org.jetbrains.kotlin.idea.gradleTooling.model.assignment.AssignmentModel        : loaded 2 times (x 68B)
Class org.gradle.internal.installation.CurrentGradleInstallation                      : loaded 2 times (x 71B)
Class org.gradle.internal.agents.InstrumentingClassLoader                             : loaded 2 times (x 68B)
Class org.gradle.internal.installation.CurrentGradleInstallationLocator               : loaded 2 times (x 69B)
Class org.gradle.api.internal.classpath.Module                                        : loaded 2 times (x 68B)
Class com.google.common.base.Splitter$1$1                                             : loaded 2 times (x 84B)
Class org.gradle.internal.service.CachingServiceLocator                               : loaded 2 times (x 80B)
Class org.gradle.internal.time.Timer                                                  : loaded 2 times (x 68B)
Class org.jetbrains.plugins.gradle.model.tests.ExternalTestsModel                     : loaded 2 times (x 68B)
Class org.jetbrains.kotlin.idea.gradleTooling.KotlinDslScriptAdditionalTask           : loaded 2 times (x 68B)
Class org.gradle.internal.classpath.DefaultClassPath                                  : loaded 2 times (x 88B)
Class ijInit1_b18p55t805masrf5pye3trfmr                                               : loaded 2 times (x 177B)
Class com.google.common.base.Splitter$SplittingIterator                               : loaded 2 times (x 82B)
Class com.intellij.openapi.externalSystem.model.project.dependencies.ProjectDependencies: loaded 2 times (x 68B)
Class Build_gradle$1                                                                  : loaded 2 times (x 76B)
Class org.jetbrains.kotlin.idea.gradleTooling.PrepareKotlinIdeImportTaskModel         : loaded 2 times (x 68B)
Class org.gradle.internal.impldep.com.google.common.base.Preconditions                : loaded 2 times (x 69B)
Class kotlin.jvm.functions.Function1                                                  : loaded 2 times (x 68B)
Class com.google.common.base.CharMatcher$Is                                           : loaded 2 times (x 109B)
Class com.google.common.collect.RegularImmutableAsList                                : loaded 2 times (x 176B)
Class org.gradle.internal.time.Time                                                   : loaded 2 times (x 69B)
Class org.gradle.internal.time.TimeSource$1                                           : loaded 2 times (x 75B)
Class org.gradle.internal.classloader.SystemClassLoaderSpec                           : loaded 2 times (x 69B)
Class [Lcom.google.common.base.AbstractIterator$State;                                : loaded 2 times (x 67B)
Class com.google.common.base.AbstractIterator                                         : loaded 2 times (x 78B)
Class com.google.common.base.AbstractIterator$1                                       : loaded 2 times (x 69B)
Class kotlin.Function                                                                 : loaded 2 times (x 68B)
Class com.google.common.base.CharMatcher$1                                            : loaded 2 times (x 111B)
Class com.google.common.base.CharMatcher$Ascii                                        : loaded 2 times (x 110B)
Class org.gradle.api.UncheckedIOException                                             : loaded 2 times (x 80B)
Class com.google.common.base.CharMatcher$And                                          : loaded 2 times (x 110B)
Class com.google.common.base.CharMatcher$Any                                          : loaded 2 times (x 110B)
Class org.gradle.internal.classloader.ClasspathUtil$1                                 : loaded 2 times (x 74B)
Class com.google.common.base.CharMatcher$RangesMatcher                                : loaded 2 times (x 110B)
Class org.gradle.tooling.internal.gradle.GradleProjectIdentity                        : loaded 2 times (x 68B)
Class com.google.common.collect.ImmutableList$SubList                                 : loaded 2 times (x 168B)
Class org.gradle.internal.time.CountdownTimer                                         : loaded 2 times (x 68B)
Class org.gradle.internal.time.Clock                                                  : loaded 2 times (x 68B)
Class org.gradle.internal.classloader.ClasspathUtil                                   : loaded 2 times (x 69B)
Class org.gradle.tooling.model.BuildIdentifier                                        : loaded 2 times (x 68B)
Class com.google.common.base.Splitter$1                                               : loaded 2 times (x 75B)
Class org.gradle.api.internal.DefaultClassPathRegistry                                : loaded 2 times (x 74B)
Class org.gradle.api.internal.classpath.DefaultModuleRegistry$DefaultModule           : loaded 2 times (x 84B)
Class com.google.common.base.CharMatcher$JavaIsoControl                               : loaded 2 times (x 110B)
Class com.google.common.base.CharMatcher$Or                                           : loaded 2 times (x 110B)
Class org.gradle.kotlin.dsl.VersionCatalogAccessorsKt                                 : loaded 2 times (x 69B)
Class org.gradle.internal.time.TimeSource                                             : loaded 2 times (x 68B)
Class org.jetbrains.kotlin.android.synthetic.idea.AndroidExtensionsGradleModel        : loaded 2 times (x 68B)
Class com.google.common.base.CharMatcher$JavaLowerCase                                : loaded 2 times (x 109B)
Class org.gradle.api.internal.classpath.UnknownModuleException                        : loaded 2 times (x 80B)
Class com.google.common.base.CommonPattern                                            : loaded 2 times (x 72B)
Class org.jetbrains.plugins.gradle.model.IntelliJProjectSettings                      : loaded 2 times (x 68B)
Class org.gradle.internal.service.ServiceLookupException                              : loaded 2 times (x 80B)
Class org.gradle.cache.GlobalCache                                                    : loaded 2 times (x 68B)
Class org.jetbrains.kotlin.idea.gradleTooling.model.lombok.LombokModel                : loaded 2 times (x 68B)
Class org.gradle.tooling.model.ProjectIdentifier                                      : loaded 2 times (x 68B)
Class com.google.common.base.CharMatcher$NegatedFastMatcher                           : loaded 2 times (x 111B)
Class [Lorg.gradle.api.internal.ClassPathProvider;                                    : loaded 2 times (x 67B)
Class org.gradle.internal.operations.MultipleBuildOperationFailures                   : loaded 2 times (x 93B)
Class org.gradle.util.internal.GUtil                                                  : loaded 2 times (x 69B)
Class org.jetbrains.plugins.gradle.model.AnnotationProcessingModel                    : loaded 2 times (x 68B)
Class org.gradle.internal.classloader.ClassLoaderSpec                                 : loaded 2 times (x 69B)
Class com.google.common.base.NullnessCasts                                            : loaded 2 times (x 69B)
Class com.google.common.base.CharMatcher$Negated                                      : loaded 2 times (x 111B)
Class com.google.common.base.CharMatcher$ForPredicate                                 : loaded 2 times (x 110B)
Class org.gradle.internal.classloader.VisitableURLClassLoader                         : loaded 2 times (x 115B)
Class org.gradle.internal.installation.GradleInstallation                             : loaded 2 times (x 73B)
Class Build_gradle                                                                    : loaded 2 times (x 70B)
Class org.gradle.api.internal.ClassPathRegistry                                       : loaded 2 times (x 68B)
Class org.gradle.internal.classloader.VisitableURLClassLoader$InstrumentingVisitableURLClassLoader: loaded 2 times (x 121B)
Class org.gradle.internal.classloader.ClassLoaderHierarchy                            : loaded 2 times (x 68B)
Class org.gradle.internal.exceptions.MultiCauseException                              : loaded 2 times (x 68B)
Class org.jetbrains.kotlin.idea.gradleTooling.model.parcelize.ParcelizeGradleModel    : loaded 2 times (x 68B)
Class com.google.common.base.AbstractIterator$State                                   : loaded 2 times (x 77B)
Class com.google.common.base.CharMatcher$NamedFastMatcher                             : loaded 2 times (x 110B)
Class org.gradle.internal.InternalTransformer                                         : loaded 2 times (x 68B)
Class org.jetbrains.kotlin.idea.gradleTooling.model.noarg.NoArgModel                  : loaded 2 times (x 68B)
Class org.jetbrains.kotlin.idea.gradleTooling.KotlinGradleModel                       : loaded 2 times (x 68B)
Class org.gradle.tooling.internal.gradle.DefaultBuildIdentifier                       : loaded 2 times (x 77B)
Class org.gradle.internal.service.ServiceLocator                                      : loaded 2 times (x 68B)
Class Settings_gradle$1                                                               : loaded 2 times (x 72B)
Class org.jetbrains.kotlin.idea.gradleTooling.model.allopen.AllOpenModel              : loaded 2 times (x 68B)
Class com.google.common.base.CharMatcher$Invisible                                    : loaded 2 times (x 110B)
Class com.google.common.base.CharMatcher$FastMatcher                                  : loaded 2 times (x 109B)
Class org.gradle.internal.classpath.DefaultClassPath$ImmutableUniqueList              : loaded 2 times (x 159B)
Class org.gradle.internal.time.DefaultTimer                                           : loaded 2 times (x 78B)
Class com.google.common.base.CharMatcher$JavaLetter                                   : loaded 2 times (x 109B)
Class org.gradle.internal.classpath.TransformedClassPath                              : loaded 2 times (x 94B)
Class Settings_gradle                                                                 : loaded 2 times (x 126B)
Class com.google.common.collect.ImmutableAsList                                       : loaded 2 times (x 169B)
Class com.google.common.base.CharMatcher$AnyOf                                        : loaded 2 times (x 110B)
Class com.google.common.base.CharMatcher$IsEither                                     : loaded 2 times (x 109B)
Class com.google.common.collect.RegularImmutableList                                  : loaded 2 times (x 172B)
Class com.google.common.base.CharMatcher$JavaUpperCase                                : loaded 2 times (x 109B)


---------------  S Y S T E M  ---------------

OS:
 Windows 11 , 64 bit Build 22621 (10.0.22621.3958)
OS uptime: 10 days 21:28 hours
Hyper-V role detected

CPU: total 12 (initial active 8) (6 cores per cpu, 2 threads per core) family 6 model 154 stepping 4 microcode 0x432, cx8, cmov, fxsr, ht, mmx, 3dnowpref, sse, sse2, sse3, ssse3, sse4.1, sse4.2, popcnt, lzcnt, tsc, tscinvbit, avx, avx2, aes, erms, clmul, bmi1, bmi2, adx, sha, fma, vzeroupper, clflush, clflushopt, clwb, hv
Processor Information for processor 0
  Max Mhz: 1100, Current Mhz: 1100, Mhz Limit: 1100
Processor Information for processor 1
  Max Mhz: 1100, Current Mhz: 1100, Mhz Limit: 1100
Processor Information for processor 2
  Max Mhz: 1100, Current Mhz: 1100, Mhz Limit: 1100
Processor Information for processor 3
  Max Mhz: 1100, Current Mhz: 1100, Mhz Limit: 1100
Processor Information for processor 4
  Max Mhz: 1100, Current Mhz: 800, Mhz Limit: 792
Processor Information for processor 5
  Max Mhz: 1100, Current Mhz: 800, Mhz Limit: 792
Processor Information for processor 6
  Max Mhz: 1100, Current Mhz: 800, Mhz Limit: 792
Processor Information for processor 7
  Max Mhz: 1100, Current Mhz: 800, Mhz Limit: 792
Processor Information for processor 8
  Max Mhz: 1100, Current Mhz: 800, Mhz Limit: 792
Processor Information for processor 9
  Max Mhz: 1100, Current Mhz: 800, Mhz Limit: 792
Processor Information for processor 10
  Max Mhz: 1100, Current Mhz: 800, Mhz Limit: 792
Processor Information for processor 11
  Max Mhz: 1100, Current Mhz: 800, Mhz Limit: 792

Memory: 4k page, system-wide physical 7885M (137M free)
TotalPageFile size 17885M (AvailPageFile size 65M)
current process WorkingSet (physical memory assigned to process): 314M, peak: 314M
current process commit charge ("private bytes"): 348M, peak: 466M

vm_info: OpenJDK 64-Bit Server VM (17.0.10+0--11609105) for windows-amd64 JRE (17.0.10+0--11609105), built on Mar 21 2024 19:10:56 by "androidbuild" with MS VC++ 16.10 / 16.11 (VS2019)

END.
